#
# There is insufficient memory for the Java Runtime Environment to continue.
# Native memory allocation (malloc) failed to allocate 1029456 bytes for Chunk::new
# Possible reasons:
#   The system is out of physical RAM or swap space
#   The process is running with CompressedOops enabled, and the Java Heap may be blocking the growth of the native heap
# Possible solutions:
#   Reduce memory load on the system
#   Increase physical memory or swap space
#   Check if swap backing store is full
#   Decrease Java heap size (-Xmx/-Xms)
#   Decrease number of Java threads
#   Decrease Java thread stack sizes (-Xss)
#   Set larger code cache with -XX:ReservedCodeCacheSize=
#   JVM is running with Unscaled Compressed Oops mode in which the Java heap is
#     placed in the first 4GB address space. The Java Heap base address is the
#     maximum limit for the native heap growth. Please use -XX:HeapBaseMinAddress
#     to set the Java Heap base and to place the Java Heap above 4GB virtual address.
# This output file may be truncated or incomplete.
#
#  Out of Memory Error (./src/hotspot/share/memory/arena.cpp:197), pid=7964, tid=3544
#
# JRE version: OpenJDK Runtime Environment (11.0.7+10) (build 11.0.7+10)
# Java VM: OpenJDK 64-Bit Server VM (11.0.7+10, mixed mode, tiered, compressed oops, g1 gc, windows-amd64)
# No core dump will be written. Minidumps are not enabled by default on client versions of Windows
#

---------------  S U M M A R Y ------------

Command Line: --add-opens=java.base/java.util=ALL-UNNAMED --add-opens=java.base/java.lang=ALL-UNNAMED --add-opens=java.base/java.lang.invoke=ALL-UNNAMED --add-opens=java.prefs/java.util.prefs=ALL-UNNAMED -Xmx1536M -Dfile.encoding=windows-1251 -Duser.country=RU -Duser.language=ru -Duser.variant org.gradle.launcher.daemon.bootstrap.GradleDaemon 5.6.2

Host: AMD Ryzen 5 3550H with Radeon Vega Mobile Gfx  , 8 cores, 15G,  Windows 10 , 64 bit Build 18362 (10.0.18362.778)
Time: Mon Dec 21 00:05:22 2020 RTZ 2 (ceia) elapsed time: 24 seconds (0d 0h 0m 24s)

---------------  T H R E A D  ---------------

Current thread (0x000002032f256000):  JavaThread "C2 CompilerThread0" daemon [_thread_in_native, id=3544, stack(0x000000e908f00000,0x000000e909000000)]


Current CompileTask:
C2:  24175 7531   !   4       java.net.URLClassLoader$1::run (63 bytes)

Stack: [0x000000e908f00000,0x000000e909000000]
Native frames: (J=compiled Java code, j=interpreted, Vv=VM code, C=native code)
V  [jvm.dll+0x5dec5a]
V  [jvm.dll+0x71671e]
V  [jvm.dll+0x717def]
V  [jvm.dll+0x7184b3]
V  [jvm.dll+0x2409b8]
V  [jvm.dll+0xb970c]
V  [jvm.dll+0xb9c9c]
V  [jvm.dll+0x345e22]
V  [jvm.dll+0x193581]
V  [jvm.dll+0x1fa5a2]
V  [jvm.dll+0x1f964f]
V  [jvm.dll+0x17e11c]
V  [jvm.dll+0x208a97]
V  [jvm.dll+0x206c7b]
V  [jvm.dll+0x6db519]
V  [jvm.dll+0x6d47b4]
V  [jvm.dll+0x5ddbe6]
C  [ucrtbase.dll+0x20e82]
C  [KERNEL32.DLL+0x17bd4]
C  [ntdll.dll+0x6ce51]


---------------  P R O C E S S  ---------------

Threads class SMR info:
_java_thread_list=0x0000020339c557b0, length=49, elements={
0x0000020310ca2000, 0x000002032f1f0800, 0x000002032f1f9800, 0x000002032f254000,
0x000002032f255000, 0x000002032f256000, 0x000002032f268800, 0x000002032f274800,
0x000002032f3ce000, 0x000002032f3d9000, 0x0000020330afc800, 0x000002032f5a4000,
0x0000020330c84800, 0x000002033028c000, 0x0000020330a83800, 0x0000020330208800,
0x00000203306d6800, 0x0000020330c56000, 0x000002033112b000, 0x000002033112b800,
0x00000203311f1000, 0x00000203311f2800, 0x00000203311f3800, 0x00000203311f2000,
0x00000203311f4800, 0x0000020333e72800, 0x0000020333e76800, 0x0000020333e76000,
0x0000020333e77800, 0x0000020333e72000, 0x0000020333e78800, 0x0000020333e79000,
0x0000020333e7a000, 0x0000020333e74800, 0x0000020333e7b000, 0x0000020333e75000,
0x0000020333e73800, 0x0000020333e7d000, 0x0000020333e7e000, 0x0000020333e7f000,
0x00000203311f7000, 0x0000020338cee800, 0x0000020338cf0800, 0x0000020338cf2000,
0x0000020338cef800, 0x0000020338cf1000, 0x0000020338cf2800, 0x0000020338cf4800,
0x0000020338cf3800
}

Java Threads: ( => current thread )
  0x0000020310ca2000 JavaThread "main" [_thread_blocked, id=3028, stack(0x000000e908400000,0x000000e908500000)]
  0x000002032f1f0800 JavaThread "Reference Handler" daemon [_thread_blocked, id=12940, stack(0x000000e908b00000,0x000000e908c00000)]
  0x000002032f1f9800 JavaThread "Finalizer" daemon [_thread_blocked, id=8024, stack(0x000000e908c00000,0x000000e908d00000)]
  0x000002032f254000 JavaThread "Signal Dispatcher" daemon [_thread_blocked, id=4812, stack(0x000000e908d00000,0x000000e908e00000)]
  0x000002032f255000 JavaThread "Attach Listener" daemon [_thread_blocked, id=9112, stack(0x000000e908e00000,0x000000e908f00000)]
=>0x000002032f256000 JavaThread "C2 CompilerThread0" daemon [_thread_in_native, id=3544, stack(0x000000e908f00000,0x000000e909000000)]
  0x000002032f268800 JavaThread "C1 CompilerThread0" daemon [_thread_blocked, id=2280, stack(0x000000e909000000,0x000000e909100000)]
  0x000002032f274800 JavaThread "Sweeper thread" daemon [_thread_blocked, id=5184, stack(0x000000e909100000,0x000000e909200000)]
  0x000002032f3ce000 JavaThread "Common-Cleaner" daemon [_thread_blocked, id=13292, stack(0x000000e909200000,0x000000e909300000)]
  0x000002032f3d9000 JavaThread "Service Thread" daemon [_thread_blocked, id=4004, stack(0x000000e909300000,0x000000e909400000)]
  0x0000020330afc800 JavaThread "Daemon health stats" [_thread_blocked, id=5804, stack(0x000000e909b00000,0x000000e909c00000)]
  0x000002032f5a4000 JavaThread "Incoming local TCP Connector on port 9696" [_thread_in_native, id=12504, stack(0x000000e909500000,0x000000e909600000)]
  0x0000020330c84800 JavaThread "Daemon periodic checks" [_thread_blocked, id=14204, stack(0x000000e909c00000,0x000000e909d00000)]
  0x000002033028c000 JavaThread "Daemon" [_thread_blocked, id=12476, stack(0x000000e909d00000,0x000000e909e00000)]
  0x0000020330a83800 JavaThread "Handler for socket connection from /127.0.0.1:9696 to /127.0.0.1:9697" [_thread_in_native, id=9404, stack(0x000000e909e00000,0x000000e909f00000)]
  0x0000020330208800 JavaThread "Cancel handler" [_thread_blocked, id=6516, stack(0x000000e909f00000,0x000000e90a000000)]
  0x00000203306d6800 JavaThread "Daemon worker" [_thread_blocked, id=9576, stack(0x000000e90a000000,0x000000e90a100000)]
  0x0000020330c56000 JavaThread "Asynchronous log dispatcher for DefaultDaemonConnection: socket connection from /127.0.0.1:9696 to /127.0.0.1:9697" [_thread_blocked, id=12300, stack(0x000000e90a100000,0x000000e90a200000)]
  0x000002033112b000 JavaThread "Stdin handler" [_thread_blocked, id=3252, stack(0x000000e90a200000,0x000000e90a300000)]
  0x000002033112b800 JavaThread "Thread-8" [_thread_blocked, id=13588, stack(0x000000e90a300000,0x000000e90a400000)]
  0x00000203311f1000 JavaThread "Cache worker for file hash cache (C:\Users\User\.gradle\caches\5.6.2\fileHashes)" [_thread_blocked, id=3184, stack(0x000000e90a400000,0x000000e90a500000)]
  0x00000203311f2800 JavaThread "File lock request listener" [_thread_in_native, id=1708, stack(0x000000e90a500000,0x000000e90a600000)]
  0x00000203311f3800 JavaThread "Cache worker for journal cache (C:\Users\User\.gradle\caches\journal-1)" [_thread_blocked, id=13504, stack(0x000000e90a600000,0x000000e90a700000)]
  0x00000203311f2000 JavaThread "Cache worker for file hash cache (C:\Users\User\Desktop\parserub\android\.gradle\5.6.2\fileHashes)" [_thread_blocked, id=11368, stack(0x000000e90a700000,0x000000e90a800000)]
  0x00000203311f4800 JavaThread "File lock release action executor" [_thread_blocked, id=2448, stack(0x000000e90ab00000,0x000000e90ac00000)]
  0x0000020333e72800 JavaThread "Cache worker for cache directory md-supplier (C:\Users\User\.gradle\caches\5.6.2\md-supplier)" [_thread_blocked, id=7700, stack(0x000000e90ae00000,0x000000e90af00000)]
  0x0000020333e76800 JavaThread "Cache worker for cache directory md-rule (C:\Users\User\.gradle\caches\5.6.2\md-rule)" [_thread_blocked, id=10676, stack(0x000000e90af00000,0x000000e90b000000)]
  0x0000020333e76000 JavaThread "Cache worker for execution history cache (C:\Users\User\.gradle\caches\5.6.2\executionHistory)" [_thread_blocked, id=7296, stack(0x000000e90b000000,0x000000e90b100000)]
  0x0000020333e77800 JavaThread "Build operations" [_thread_blocked, id=2104, stack(0x000000e90ad00000,0x000000e90ae00000)]
  0x0000020333e72000 JavaThread "Build operations Thread 2" [_thread_blocked, id=14100, stack(0x000000e90b100000,0x000000e90b200000)]
  0x0000020333e78800 JavaThread "Build operations Thread 3" [_thread_blocked, id=240, stack(0x000000e90b200000,0x000000e90b300000)]
  0x0000020333e79000 JavaThread "Build operations Thread 4" [_thread_blocked, id=12092, stack(0x000000e90b300000,0x000000e90b400000)]
  0x0000020333e7a000 JavaThread "Build operations Thread 5" [_thread_blocked, id=9548, stack(0x000000e90b400000,0x000000e90b500000)]
  0x0000020333e74800 JavaThread "Build operations Thread 6" [_thread_blocked, id=2664, stack(0x000000e90b500000,0x000000e90b600000)]
  0x0000020333e7b000 JavaThread "Build operations Thread 7" [_thread_blocked, id=5048, stack(0x000000e90b600000,0x000000e90b700000)]
  0x0000020333e75000 JavaThread "Build operations Thread 8" [_thread_blocked, id=9180, stack(0x000000e90b700000,0x000000e90b800000)]
  0x0000020333e73800 JavaThread "Cache worker for Build Output Cleanup Cache (C:\Users\User\Desktop\parserub\android\.gradle\buildOutputCleanup)" [_thread_blocked, id=12924, stack(0x000000e90ac00000,0x000000e90ad00000)]
  0x0000020333e7d000 JavaThread "C2 CompilerThread1" daemon [_thread_blocked, id=4888, stack(0x000000e90b800000,0x000000e90b900000)]
  0x0000020333e7e000 JavaThread "Memory manager" [_thread_blocked, id=11656, stack(0x000000e90ba00000,0x000000e90bb00000)]
  0x0000020333e7f000 JavaThread "Cache worker for file content cache (C:\Users\User\.gradle\caches\5.6.2\fileContent)" [_thread_blocked, id=11632, stack(0x000000e90bb00000,0x000000e90bc00000)]
  0x00000203311f7000 JavaThread "Cache worker for file content cache (C:\Users\User\Desktop\parserub\android\.gradle\5.6.2\fileContent)" [_thread_blocked, id=11764, stack(0x000000e90bc00000,0x000000e90bd00000)]
  0x0000020338cee800 JavaThread "Execution worker for ':'" [_thread_blocked, id=9376, stack(0x000000e90bd00000,0x000000e90be00000)]
  0x0000020338cf0800 JavaThread "Execution worker for ':' Thread 2" [_thread_blocked, id=11016, stack(0x000000e90be00000,0x000000e90bf00000)]
  0x0000020338cf2000 JavaThread "Execution worker for ':' Thread 3" [_thread_in_native, id=5936, stack(0x000000e90bf00000,0x000000e90c000000)]
  0x0000020338cef800 JavaThread "Execution worker for ':' Thread 4" [_thread_in_Java, id=2064, stack(0x000000e90c000000,0x000000e90c100000)]
  0x0000020338cf1000 JavaThread "Execution worker for ':' Thread 5" [_thread_blocked, id=8232, stack(0x000000e90c100000,0x000000e90c200000)]
  0x0000020338cf2800 JavaThread "Execution worker for ':' Thread 6" [_thread_blocked, id=13860, stack(0x000000e90c200000,0x000000e90c300000)]
  0x0000020338cf4800 JavaThread "Execution worker for ':' Thread 7" [_thread_blocked, id=2296, stack(0x000000e90c300000,0x000000e90c400000)]
  0x0000020338cf3800 JavaThread "Cache worker for execution history cache (C:\Users\User\Desktop\parserub\android\.gradle\5.6.2\executionHistory)" [_thread_blocked, id=12968, stack(0x000000e90c400000,0x000000e90c500000)]

Other Threads:
  0x000002032f1cd000 VMThread "VM Thread" [stack: 0x000000e908a00000,0x000000e908b00000] [id=5728]
  0x000002032f3da000 WatcherThread [stack: 0x000000e909400000,0x000000e909500000] [id=8812]
  0x0000020310cba000 GCTaskThread "GC Thread#0" [stack: 0x000000e908500000,0x000000e908600000] [id=10776]
  0x000002032fb5f800 GCTaskThread "GC Thread#1" [stack: 0x000000e909600000,0x000000e909700000] [id=13428]
  0x0000020330024000 GCTaskThread "GC Thread#2" [stack: 0x000000e909700000,0x000000e909800000] [id=14320]
  0x000002032fc0d000 GCTaskThread "GC Thread#3" [stack: 0x000000e909800000,0x000000e909900000] [id=14184]
  0x000002032fc0e000 GCTaskThread "GC Thread#4" [stack: 0x000000e909900000,0x000000e909a00000] [id=8936]
  0x000002032fc00000 GCTaskThread "GC Thread#5" [stack: 0x000000e909a00000,0x000000e909b00000] [id=10084]
  0x0000020330e05800 GCTaskThread "GC Thread#6" [stack: 0x000000e90a800000,0x000000e90a900000] [id=11508]
  0x0000020330e09800 GCTaskThread "GC Thread#7" [stack: 0x000000e90a900000,0x000000e90aa00000] [id=4288]
  0x0000020310ce5800 ConcurrentGCThread "G1 Main Marker" [stack: 0x000000e908600000,0x000000e908700000] [id=3464]
  0x0000020310ce7000 ConcurrentGCThread "G1 Conc#0" [stack: 0x000000e908700000,0x000000e908800000] [id=6128]
  0x0000020330e08800 ConcurrentGCThread "G1 Conc#1" [stack: 0x000000e90aa00000,0x000000e90ab00000] [id=6244]
  0x0000020310d6e000 ConcurrentGCThread "G1 Refine#0" [stack: 0x000000e908800000,0x000000e908900000] [id=3160]
  0x000002032e838800 ConcurrentGCThread "G1 Young RemSet Sampling" [stack: 0x000000e908900000,0x000000e908a00000] [id=13276]

Threads with active compile tasks:
C2 CompilerThread0  24236 7531   !   4       java.net.URLClassLoader$1::run (63 bytes)
C2 CompilerThread1  24236 7812       4       org.codehaus.groovy.runtime.metaclass.MetaMethodIndex::copyNonPrivateMethods (149 bytes)

VM state:not at safepoint (normal execution)

VM Mutex/Monitor currently owned by a thread: None

Heap address: 0x00000000a0000000, size: 1536 MB, Compressed Oops mode: 32-bit
Narrow klass base: 0x0000000000000000, Narrow klass shift: 3
Compressed class space size: 1073741824 Address: 0x0000000100000000

Heap:
 garbage-first heap   total 260096K, used 133664K [0x00000000a0000000, 0x0000000100000000)
  region size 1024K, 91 young (93184K), 13 survivors (13312K)
 Metaspace       used 71955K, capacity 73890K, committed 74060K, reserved 1114112K
  class space    used 9375K, capacity 10001K, committed 10060K, reserved 1048576K
Heap Regions: E=young(eden), S=young(survivor), O=old, HS=humongous(starts), HC=humongous(continues), CS=collection set, F=free, A=archive, TAMS=top-at-mark-start (previous, next)
|   0|0x00000000a0000000, 0x00000000a0100000, 0x00000000a0100000|100%|HS|  |TAMS 0x00000000a0100000, 0x00000000a0000000| Complete 
|   1|0x00000000a0100000, 0x00000000a0200000, 0x00000000a0200000|100%|HC|  |TAMS 0x00000000a0200000, 0x00000000a0100000| Complete 
|   2|0x00000000a0200000, 0x00000000a0300000, 0x00000000a0300000|100%|HC|  |TAMS 0x00000000a0300000, 0x00000000a0200000| Complete 
|   3|0x00000000a0300000, 0x00000000a0400000, 0x00000000a0400000|100%|HS|  |TAMS 0x00000000a0400000, 0x00000000a0300000| Complete 
|   4|0x00000000a0400000, 0x00000000a0500000, 0x00000000a0500000|100%|HC|  |TAMS 0x00000000a0500000, 0x00000000a0400000| Complete 
|   5|0x00000000a0500000, 0x00000000a0600000, 0x00000000a0600000|100%|HC|  |TAMS 0x00000000a0600000, 0x00000000a0500000| Complete 
|   6|0x00000000a0600000, 0x00000000a0700000, 0x00000000a0700000|100%| O|  |TAMS 0x00000000a0700000, 0x00000000a0600000| Untracked 
|   7|0x00000000a0700000, 0x00000000a0800000, 0x00000000a0800000|100%| O|  |TAMS 0x00000000a0800000, 0x00000000a0700000| Untracked 
|   8|0x00000000a0800000, 0x00000000a0900000, 0x00000000a0900000|100%| O|  |TAMS 0x00000000a0900000, 0x00000000a0800000| Untracked 
|   9|0x00000000a0900000, 0x00000000a0a00000, 0x00000000a0a00000|100%| O|  |TAMS 0x00000000a0a00000, 0x00000000a0900000| Untracked 
|  10|0x00000000a0a00000, 0x00000000a0b00000, 0x00000000a0b00000|100%| O|  |TAMS 0x00000000a0b00000, 0x00000000a0a00000| Untracked 
|  11|0x00000000a0b00000, 0x00000000a0c00000, 0x00000000a0c00000|100%| O|  |TAMS 0x00000000a0c00000, 0x00000000a0b00000| Untracked 
|  12|0x00000000a0c00000, 0x00000000a0d00000, 0x00000000a0d00000|100%| O|  |TAMS 0x00000000a0d00000, 0x00000000a0c00000| Untracked 
|  13|0x00000000a0d00000, 0x00000000a0e00000, 0x00000000a0e00000|100%| O|  |TAMS 0x00000000a0e00000, 0x00000000a0d00000| Untracked 
|  14|0x00000000a0e00000, 0x00000000a0f00000, 0x00000000a0f00000|100%| O|  |TAMS 0x00000000a0f00000, 0x00000000a0e00000| Untracked 
|  15|0x00000000a0f00000, 0x00000000a1000000, 0x00000000a1000000|100%| O|  |TAMS 0x00000000a1000000, 0x00000000a0f00000| Untracked 
|  16|0x00000000a1000000, 0x00000000a1100000, 0x00000000a1100000|100%| O|  |TAMS 0x00000000a1100000, 0x00000000a1000000| Untracked 
|  17|0x00000000a1100000, 0x00000000a1200000, 0x00000000a1200000|100%| O|  |TAMS 0x00000000a1200000, 0x00000000a1100000| Untracked 
|  18|0x00000000a1200000, 0x00000000a1300000, 0x00000000a1300000|100%|HS|  |TAMS 0x00000000a1300000, 0x00000000a1200000| Complete 
|  19|0x00000000a1300000, 0x00000000a1400000, 0x00000000a1400000|100%|HC|  |TAMS 0x00000000a1400000, 0x00000000a1300000| Complete 
|  20|0x00000000a1400000, 0x00000000a1500000, 0x00000000a1500000|100%| O|  |TAMS 0x00000000a1500000, 0x00000000a1400000| Untracked 
|  21|0x00000000a1500000, 0x00000000a1600000, 0x00000000a1600000|100%| O|  |TAMS 0x00000000a1600000, 0x00000000a1500000| Untracked 
|  22|0x00000000a1600000, 0x00000000a1700000, 0x00000000a1700000|100%| O|  |TAMS 0x00000000a1700000, 0x00000000a1600000| Untracked 
|  23|0x00000000a1700000, 0x00000000a1800000, 0x00000000a1800000|100%| O|  |TAMS 0x00000000a1800000, 0x00000000a1700000| Untracked 
|  24|0x00000000a1800000, 0x00000000a1900000, 0x00000000a1900000|100%| O|  |TAMS 0x00000000a1900000, 0x00000000a1800000| Untracked 
|  25|0x00000000a1900000, 0x00000000a1a00000, 0x00000000a1a00000|100%| O|  |TAMS 0x00000000a1a00000, 0x00000000a1900000| Untracked 
|  26|0x00000000a1a00000, 0x00000000a1b00000, 0x00000000a1b00000|100%| O|  |TAMS 0x00000000a1b00000, 0x00000000a1a00000| Untracked 
|  27|0x00000000a1b00000, 0x00000000a1c00000, 0x00000000a1c00000|100%| O|  |TAMS 0x00000000a1c00000, 0x00000000a1b00000| Untracked 
|  28|0x00000000a1c00000, 0x00000000a1d00000, 0x00000000a1d00000|100%| O|  |TAMS 0x00000000a1d00000, 0x00000000a1c00000| Untracked 
|  29|0x00000000a1d00000, 0x00000000a1e00000, 0x00000000a1e00000|100%| O|  |TAMS 0x00000000a1e00000, 0x00000000a1d00000| Untracked 
|  30|0x00000000a1e00000, 0x00000000a1f00000, 0x00000000a1f00000|100%| O|  |TAMS 0x00000000a1f00000, 0x00000000a1e00000| Untracked 
|  31|0x00000000a1f00000, 0x00000000a2000000, 0x00000000a2000000|100%| O|  |TAMS 0x00000000a2000000, 0x00000000a1f00000| Untracked 
|  32|0x00000000a2000000, 0x00000000a2100000, 0x00000000a2100000|100%| O|  |TAMS 0x00000000a2100000, 0x00000000a2000000| Untracked 
|  33|0x00000000a2100000, 0x00000000a2200000, 0x00000000a2200000|100%| O|  |TAMS 0x00000000a2200000, 0x00000000a2100000| Untracked 
|  34|0x00000000a2200000, 0x00000000a2300000, 0x00000000a2300000|100%| O|  |TAMS 0x00000000a2300000, 0x00000000a2200000| Untracked 
|  35|0x00000000a2300000, 0x00000000a2400000, 0x00000000a2400000|100%| O|  |TAMS 0x00000000a2400000, 0x00000000a2300000| Untracked 
|  36|0x00000000a2400000, 0x00000000a2500000, 0x00000000a2500000|100%| O|  |TAMS 0x00000000a2500000, 0x00000000a2400000| Untracked 
|  37|0x00000000a2500000, 0x00000000a2600000, 0x00000000a2600000|100%| O|  |TAMS 0x00000000a2600000, 0x00000000a2500000| Untracked 
|  38|0x00000000a2600000, 0x00000000a2700000, 0x00000000a2700000|100%| O|  |TAMS 0x00000000a2700000, 0x00000000a2600000| Untracked 
|  39|0x00000000a2700000, 0x00000000a2800000, 0x00000000a2800000|100%| O|  |TAMS 0x00000000a2800000, 0x00000000a2700000| Untracked 
|  40|0x00000000a2800000, 0x00000000a2900000, 0x00000000a2900000|100%| O|  |TAMS 0x00000000a2900000, 0x00000000a2800000| Untracked 
|  41|0x00000000a2900000, 0x00000000a2991800, 0x00000000a2a00000| 56%| O|  |TAMS 0x00000000a2991800, 0x00000000a2900000| Untracked 
|  42|0x00000000a2a00000, 0x00000000a2a00000, 0x00000000a2b00000|  0%| F|  |TAMS 0x00000000a2a00000, 0x00000000a2a00000| Untracked 
|  43|0x00000000a2b00000, 0x00000000a2b00000, 0x00000000a2c00000|  0%| F|  |TAMS 0x00000000a2b00000, 0x00000000a2b00000| Untracked 
|  44|0x00000000a2c00000, 0x00000000a2c00000, 0x00000000a2d00000|  0%| F|  |TAMS 0x00000000a2c00000, 0x00000000a2c00000| Untracked 
|  45|0x00000000a2d00000, 0x00000000a2d00000, 0x00000000a2e00000|  0%| F|  |TAMS 0x00000000a2d00000, 0x00000000a2d00000| Untracked 
|  46|0x00000000a2e00000, 0x00000000a2e00000, 0x00000000a2f00000|  0%| F|  |TAMS 0x00000000a2e00000, 0x00000000a2e00000| Untracked 
|  47|0x00000000a2f00000, 0x00000000a2f00000, 0x00000000a3000000|  0%| F|  |TAMS 0x00000000a2f00000, 0x00000000a2f00000| Untracked 
|  48|0x00000000a3000000, 0x00000000a3000000, 0x00000000a3100000|  0%| F|  |TAMS 0x00000000a3000000, 0x00000000a3000000| Untracked 
|  49|0x00000000a3100000, 0x00000000a3100000, 0x00000000a3200000|  0%| F|  |TAMS 0x00000000a3100000, 0x00000000a3100000| Untracked 
|  50|0x00000000a3200000, 0x00000000a3200000, 0x00000000a3300000|  0%| F|  |TAMS 0x00000000a3200000, 0x00000000a3200000| Untracked 
|  51|0x00000000a3300000, 0x00000000a3300000, 0x00000000a3400000|  0%| F|  |TAMS 0x00000000a3300000, 0x00000000a3300000| Untracked 
|  52|0x00000000a3400000, 0x00000000a3400000, 0x00000000a3500000|  0%| F|  |TAMS 0x00000000a3400000, 0x00000000a3400000| Untracked 
|  53|0x00000000a3500000, 0x00000000a3500000, 0x00000000a3600000|  0%| F|  |TAMS 0x00000000a3500000, 0x00000000a3500000| Untracked 
|  54|0x00000000a3600000, 0x00000000a3600000, 0x00000000a3700000|  0%| F|  |TAMS 0x00000000a3600000, 0x00000000a3600000| Untracked 
|  55|0x00000000a3700000, 0x00000000a3700000, 0x00000000a3800000|  0%| F|  |TAMS 0x00000000a3700000, 0x00000000a3700000| Untracked 
|  56|0x00000000a3800000, 0x00000000a3800000, 0x00000000a3900000|  0%| F|  |TAMS 0x00000000a3800000, 0x00000000a3800000| Untracked 
|  57|0x00000000a3900000, 0x00000000a3900000, 0x00000000a3a00000|  0%| F|  |TAMS 0x00000000a3900000, 0x00000000a3900000| Untracked 
|  58|0x00000000a3a00000, 0x00000000a3a00000, 0x00000000a3b00000|  0%| F|  |TAMS 0x00000000a3a00000, 0x00000000a3a00000| Untracked 
|  59|0x00000000a3b00000, 0x00000000a3b00000, 0x00000000a3c00000|  0%| F|  |TAMS 0x00000000a3b00000, 0x00000000a3b00000| Untracked 
|  60|0x00000000a3c00000, 0x00000000a3c00000, 0x00000000a3d00000|  0%| F|  |TAMS 0x00000000a3c00000, 0x00000000a3c00000| Untracked 
|  61|0x00000000a3d00000, 0x00000000a3d00000, 0x00000000a3e00000|  0%| F|  |TAMS 0x00000000a3d00000, 0x00000000a3d00000| Untracked 
|  62|0x00000000a3e00000, 0x00000000a3e00000, 0x00000000a3f00000|  0%| F|  |TAMS 0x00000000a3e00000, 0x00000000a3e00000| Untracked 
|  63|0x00000000a3f00000, 0x00000000a3f00000, 0x00000000a4000000|  0%| F|  |TAMS 0x00000000a3f00000, 0x00000000a3f00000| Untracked 
|  64|0x00000000a4000000, 0x00000000a4000000, 0x00000000a4100000|  0%| F|  |TAMS 0x00000000a4000000, 0x00000000a4000000| Untracked 
|  65|0x00000000a4100000, 0x00000000a4100000, 0x00000000a4200000|  0%| F|  |TAMS 0x00000000a4100000, 0x00000000a4100000| Untracked 
|  66|0x00000000a4200000, 0x00000000a4200000, 0x00000000a4300000|  0%| F|  |TAMS 0x00000000a4200000, 0x00000000a4200000| Untracked 
|  67|0x00000000a4300000, 0x00000000a4300000, 0x00000000a4400000|  0%| F|  |TAMS 0x00000000a4300000, 0x00000000a4300000| Untracked 
|  68|0x00000000a4400000, 0x00000000a4400000, 0x00000000a4500000|  0%| F|  |TAMS 0x00000000a4400000, 0x00000000a4400000| Untracked 
|  69|0x00000000a4500000, 0x00000000a4500000, 0x00000000a4600000|  0%| F|  |TAMS 0x00000000a4500000, 0x00000000a4500000| Untracked 
|  70|0x00000000a4600000, 0x00000000a4600000, 0x00000000a4700000|  0%| F|  |TAMS 0x00000000a4600000, 0x00000000a4600000| Untracked 
|  71|0x00000000a4700000, 0x00000000a4700000, 0x00000000a4800000|  0%| F|  |TAMS 0x00000000a4700000, 0x00000000a4700000| Untracked 
|  72|0x00000000a4800000, 0x00000000a4800000, 0x00000000a4900000|  0%| F|  |TAMS 0x00000000a4800000, 0x00000000a4800000| Untracked 
|  73|0x00000000a4900000, 0x00000000a4900000, 0x00000000a4a00000|  0%| F|  |TAMS 0x00000000a4900000, 0x00000000a4900000| Untracked 
|  74|0x00000000a4a00000, 0x00000000a4a00000, 0x00000000a4b00000|  0%| F|  |TAMS 0x00000000a4a00000, 0x00000000a4a00000| Untracked 
|  75|0x00000000a4b00000, 0x00000000a4b00000, 0x00000000a4c00000|  0%| F|  |TAMS 0x00000000a4b00000, 0x00000000a4b00000| Untracked 
|  76|0x00000000a4c00000, 0x00000000a4c00000, 0x00000000a4d00000|  0%| F|  |TAMS 0x00000000a4c00000, 0x00000000a4c00000| Untracked 
|  77|0x00000000a4d00000, 0x00000000a4d00000, 0x00000000a4e00000|  0%| F|  |TAMS 0x00000000a4d00000, 0x00000000a4d00000| Untracked 
|  78|0x00000000a4e00000, 0x00000000a4e00000, 0x00000000a4f00000|  0%| F|  |TAMS 0x00000000a4e00000, 0x00000000a4e00000| Untracked 
|  79|0x00000000a4f00000, 0x00000000a4f00000, 0x00000000a5000000|  0%| F|  |TAMS 0x00000000a4f00000, 0x00000000a4f00000| Untracked 
|  80|0x00000000a5000000, 0x00000000a5000000, 0x00000000a5100000|  0%| F|  |TAMS 0x00000000a5000000, 0x00000000a5000000| Untracked 
|  81|0x00000000a5100000, 0x00000000a5100000, 0x00000000a5200000|  0%| F|  |TAMS 0x00000000a5100000, 0x00000000a5100000| Untracked 
|  82|0x00000000a5200000, 0x00000000a5200000, 0x00000000a5300000|  0%| F|  |TAMS 0x00000000a5200000, 0x00000000a5200000| Untracked 
|  83|0x00000000a5300000, 0x00000000a5300000, 0x00000000a5400000|  0%| F|  |TAMS 0x00000000a5300000, 0x00000000a5300000| Untracked 
|  84|0x00000000a5400000, 0x00000000a5400000, 0x00000000a5500000|  0%| F|  |TAMS 0x00000000a5400000, 0x00000000a5400000| Untracked 
|  85|0x00000000a5500000, 0x00000000a5500000, 0x00000000a5600000|  0%| F|  |TAMS 0x00000000a5500000, 0x00000000a5500000| Untracked 
|  86|0x00000000a5600000, 0x00000000a5600000, 0x00000000a5700000|  0%| F|  |TAMS 0x00000000a5600000, 0x00000000a5600000| Untracked 
|  87|0x00000000a5700000, 0x00000000a5700000, 0x00000000a5800000|  0%| F|  |TAMS 0x00000000a5700000, 0x00000000a5700000| Untracked 
|  88|0x00000000a5800000, 0x00000000a5800000, 0x00000000a5900000|  0%| F|  |TAMS 0x00000000a5800000, 0x00000000a5800000| Untracked 
|  89|0x00000000a5900000, 0x00000000a5900000, 0x00000000a5a00000|  0%| F|  |TAMS 0x00000000a5900000, 0x00000000a5900000| Untracked 
|  90|0x00000000a5a00000, 0x00000000a5a00000, 0x00000000a5b00000|  0%| F|  |TAMS 0x00000000a5a00000, 0x00000000a5a00000| Untracked 
|  91|0x00000000a5b00000, 0x00000000a5b00000, 0x00000000a5c00000|  0%| F|  |TAMS 0x00000000a5b00000, 0x00000000a5b00000| Untracked 
|  92|0x00000000a5c00000, 0x00000000a5c00000, 0x00000000a5d00000|  0%| F|  |TAMS 0x00000000a5c00000, 0x00000000a5c00000| Untracked 
|  93|0x00000000a5d00000, 0x00000000a5d00000, 0x00000000a5e00000|  0%| F|  |TAMS 0x00000000a5d00000, 0x00000000a5d00000| Untracked 
|  94|0x00000000a5e00000, 0x00000000a5e00000, 0x00000000a5f00000|  0%| F|  |TAMS 0x00000000a5e00000, 0x00000000a5e00000| Untracked 
|  95|0x00000000a5f00000, 0x00000000a5f00000, 0x00000000a6000000|  0%| F|  |TAMS 0x00000000a5f00000, 0x00000000a5f00000| Untracked 
|  96|0x00000000a6000000, 0x00000000a6000000, 0x00000000a6100000|  0%| F|  |TAMS 0x00000000a6000000, 0x00000000a6000000| Untracked 
|  97|0x00000000a6100000, 0x00000000a6100000, 0x00000000a6200000|  0%| F|  |TAMS 0x00000000a6100000, 0x00000000a6100000| Untracked 
|  98|0x00000000a6200000, 0x00000000a6200000, 0x00000000a6300000|  0%| F|  |TAMS 0x00000000a6200000, 0x00000000a6200000| Untracked 
|  99|0x00000000a6300000, 0x00000000a6300000, 0x00000000a6400000|  0%| F|  |TAMS 0x00000000a6300000, 0x00000000a6300000| Untracked 
| 100|0x00000000a6400000, 0x00000000a6400000, 0x00000000a6500000|  0%| F|  |TAMS 0x00000000a6400000, 0x00000000a6400000| Untracked 
| 101|0x00000000a6500000, 0x00000000a6500000, 0x00000000a6600000|  0%| F|  |TAMS 0x00000000a6500000, 0x00000000a6500000| Untracked 
| 102|0x00000000a6600000, 0x00000000a6600000, 0x00000000a6700000|  0%| F|  |TAMS 0x00000000a6600000, 0x00000000a6600000| Untracked 
| 103|0x00000000a6700000, 0x00000000a6700000, 0x00000000a6800000|  0%| F|  |TAMS 0x00000000a6700000, 0x00000000a6700000| Untracked 
| 104|0x00000000a6800000, 0x00000000a6800000, 0x00000000a6900000|  0%| F|  |TAMS 0x00000000a6800000, 0x00000000a6800000| Untracked 
| 105|0x00000000a6900000, 0x00000000a6900000, 0x00000000a6a00000|  0%| F|  |TAMS 0x00000000a6900000, 0x00000000a6900000| Untracked 
| 106|0x00000000a6a00000, 0x00000000a6a00000, 0x00000000a6b00000|  0%| F|  |TAMS 0x00000000a6a00000, 0x00000000a6a00000| Untracked 
| 107|0x00000000a6b00000, 0x00000000a6b00000, 0x00000000a6c00000|  0%| F|  |TAMS 0x00000000a6b00000, 0x00000000a6b00000| Untracked 
| 108|0x00000000a6c00000, 0x00000000a6c00000, 0x00000000a6d00000|  0%| F|  |TAMS 0x00000000a6c00000, 0x00000000a6c00000| Untracked 
| 109|0x00000000a6d00000, 0x00000000a6d00000, 0x00000000a6e00000|  0%| F|  |TAMS 0x00000000a6d00000, 0x00000000a6d00000| Untracked 
| 110|0x00000000a6e00000, 0x00000000a6e00000, 0x00000000a6f00000|  0%| F|  |TAMS 0x00000000a6e00000, 0x00000000a6e00000| Untracked 
| 111|0x00000000a6f00000, 0x00000000a6f00000, 0x00000000a7000000|  0%| F|  |TAMS 0x00000000a6f00000, 0x00000000a6f00000| Untracked 
| 112|0x00000000a7000000, 0x00000000a7000000, 0x00000000a7100000|  0%| F|  |TAMS 0x00000000a7000000, 0x00000000a7000000| Untracked 
| 113|0x00000000a7100000, 0x00000000a7100000, 0x00000000a7200000|  0%| F|  |TAMS 0x00000000a7100000, 0x00000000a7100000| Untracked 
| 114|0x00000000a7200000, 0x00000000a7200000, 0x00000000a7300000|  0%| F|  |TAMS 0x00000000a7200000, 0x00000000a7200000| Untracked 
| 115|0x00000000a7300000, 0x00000000a7300000, 0x00000000a7400000|  0%| F|  |TAMS 0x00000000a7300000, 0x00000000a7300000| Untracked 
| 116|0x00000000a7400000, 0x00000000a7400000, 0x00000000a7500000|  0%| F|  |TAMS 0x00000000a7400000, 0x00000000a7400000| Untracked 
| 117|0x00000000a7500000, 0x00000000a7500000, 0x00000000a7600000|  0%| F|  |TAMS 0x00000000a7500000, 0x00000000a7500000| Untracked 
| 118|0x00000000a7600000, 0x00000000a7600000, 0x00000000a7700000|  0%| F|  |TAMS 0x00000000a7600000, 0x00000000a7600000| Untracked 
| 119|0x00000000a7700000, 0x00000000a7700000, 0x00000000a7800000|  0%| F|  |TAMS 0x00000000a7700000, 0x00000000a7700000| Untracked 
| 120|0x00000000a7800000, 0x00000000a7800000, 0x00000000a7900000|  0%| F|  |TAMS 0x00000000a7800000, 0x00000000a7800000| Untracked 
| 121|0x00000000a7900000, 0x00000000a7900000, 0x00000000a7a00000|  0%| F|  |TAMS 0x00000000a7900000, 0x00000000a7900000| Untracked 
| 122|0x00000000a7a00000, 0x00000000a7a00000, 0x00000000a7b00000|  0%| F|  |TAMS 0x00000000a7a00000, 0x00000000a7a00000| Untracked 
| 123|0x00000000a7b00000, 0x00000000a7b00000, 0x00000000a7c00000|  0%| F|  |TAMS 0x00000000a7b00000, 0x00000000a7b00000| Untracked 
| 124|0x00000000a7c00000, 0x00000000a7c00000, 0x00000000a7d00000|  0%| F|  |TAMS 0x00000000a7c00000, 0x00000000a7c00000| Untracked 
| 125|0x00000000a7d00000, 0x00000000a7d00000, 0x00000000a7e00000|  0%| F|  |TAMS 0x00000000a7d00000, 0x00000000a7d00000| Untracked 
| 126|0x00000000a7e00000, 0x00000000a7e00000, 0x00000000a7f00000|  0%| F|  |TAMS 0x00000000a7e00000, 0x00000000a7e00000| Untracked 
| 127|0x00000000a7f00000, 0x00000000a7f00000, 0x00000000a8000000|  0%| F|  |TAMS 0x00000000a7f00000, 0x00000000a7f00000| Untracked 
| 128|0x00000000a8000000, 0x00000000a8000000, 0x00000000a8100000|  0%| F|  |TAMS 0x00000000a8000000, 0x00000000a8000000| Untracked 
| 129|0x00000000a8100000, 0x00000000a8100000, 0x00000000a8200000|  0%| F|  |TAMS 0x00000000a8100000, 0x00000000a8100000| Untracked 
| 130|0x00000000a8200000, 0x00000000a8200000, 0x00000000a8300000|  0%| F|  |TAMS 0x00000000a8200000, 0x00000000a8200000| Untracked 
| 131|0x00000000a8300000, 0x00000000a8300000, 0x00000000a8400000|  0%| F|  |TAMS 0x00000000a8300000, 0x00000000a8300000| Untracked 
| 132|0x00000000a8400000, 0x00000000a8400000, 0x00000000a8500000|  0%| F|  |TAMS 0x00000000a8400000, 0x00000000a8400000| Untracked 
| 133|0x00000000a8500000, 0x00000000a85f6b10, 0x00000000a8600000| 96%| S|CS|TAMS 0x00000000a8500000, 0x00000000a8500000| Complete 
| 134|0x00000000a8600000, 0x00000000a8700000, 0x00000000a8700000|100%| S|CS|TAMS 0x00000000a8600000, 0x00000000a8600000| Complete 
| 135|0x00000000a8700000, 0x00000000a8800000, 0x00000000a8800000|100%| S|CS|TAMS 0x00000000a8700000, 0x00000000a8700000| Complete 
| 136|0x00000000a8800000, 0x00000000a8900000, 0x00000000a8900000|100%| S|CS|TAMS 0x00000000a8800000, 0x00000000a8800000| Complete 
| 137|0x00000000a8900000, 0x00000000a8a00000, 0x00000000a8a00000|100%| S|CS|TAMS 0x00000000a8900000, 0x00000000a8900000| Complete 
| 138|0x00000000a8a00000, 0x00000000a8b00000, 0x00000000a8b00000|100%| S|CS|TAMS 0x00000000a8a00000, 0x00000000a8a00000| Complete 
| 139|0x00000000a8b00000, 0x00000000a8c00000, 0x00000000a8c00000|100%| S|CS|TAMS 0x00000000a8b00000, 0x00000000a8b00000| Complete 
| 140|0x00000000a8c00000, 0x00000000a8d00000, 0x00000000a8d00000|100%| S|CS|TAMS 0x00000000a8c00000, 0x00000000a8c00000| Complete 
| 141|0x00000000a8d00000, 0x00000000a8e00000, 0x00000000a8e00000|100%| S|CS|TAMS 0x00000000a8d00000, 0x00000000a8d00000| Complete 
| 142|0x00000000a8e00000, 0x00000000a8f00000, 0x00000000a8f00000|100%| S|CS|TAMS 0x00000000a8e00000, 0x00000000a8e00000| Complete 
| 143|0x00000000a8f00000, 0x00000000a9000000, 0x00000000a9000000|100%| S|CS|TAMS 0x00000000a8f00000, 0x00000000a8f00000| Complete 
| 144|0x00000000a9000000, 0x00000000a9100000, 0x00000000a9100000|100%| S|CS|TAMS 0x00000000a9000000, 0x00000000a9000000| Complete 
| 145|0x00000000a9100000, 0x00000000a9200000, 0x00000000a9200000|100%| S|CS|TAMS 0x00000000a9100000, 0x00000000a9100000| Complete 
| 146|0x00000000a9200000, 0x00000000a9200000, 0x00000000a9300000|  0%| F|  |TAMS 0x00000000a9200000, 0x00000000a9200000| Untracked 
| 147|0x00000000a9300000, 0x00000000a9300000, 0x00000000a9400000|  0%| F|  |TAMS 0x00000000a9300000, 0x00000000a9300000| Untracked 
| 148|0x00000000a9400000, 0x00000000a9400000, 0x00000000a9500000|  0%| F|  |TAMS 0x00000000a9400000, 0x00000000a9400000| Untracked 
| 149|0x00000000a9500000, 0x00000000a9500000, 0x00000000a9600000|  0%| F|  |TAMS 0x00000000a9500000, 0x00000000a9500000| Untracked 
| 150|0x00000000a9600000, 0x00000000a9600000, 0x00000000a9700000|  0%| F|  |TAMS 0x00000000a9600000, 0x00000000a9600000| Untracked 
| 151|0x00000000a9700000, 0x00000000a9700000, 0x00000000a9800000|  0%| F|  |TAMS 0x00000000a9700000, 0x00000000a9700000| Untracked 
| 152|0x00000000a9800000, 0x00000000a9800000, 0x00000000a9900000|  0%| F|  |TAMS 0x00000000a9800000, 0x00000000a9800000| Untracked 
| 153|0x00000000a9900000, 0x00000000a9900000, 0x00000000a9a00000|  0%| F|  |TAMS 0x00000000a9900000, 0x00000000a9900000| Untracked 
| 154|0x00000000a9a00000, 0x00000000a9a00000, 0x00000000a9b00000|  0%| F|  |TAMS 0x00000000a9a00000, 0x00000000a9a00000| Untracked 
| 155|0x00000000a9b00000, 0x00000000a9b00000, 0x00000000a9c00000|  0%| F|  |TAMS 0x00000000a9b00000, 0x00000000a9b00000| Untracked 
| 156|0x00000000a9c00000, 0x00000000a9c00000, 0x00000000a9d00000|  0%| F|  |TAMS 0x00000000a9c00000, 0x00000000a9c00000| Untracked 
| 157|0x00000000a9d00000, 0x00000000a9d00000, 0x00000000a9e00000|  0%| F|  |TAMS 0x00000000a9d00000, 0x00000000a9d00000| Untracked 
| 158|0x00000000a9e00000, 0x00000000a9e00000, 0x00000000a9f00000|  0%| F|  |TAMS 0x00000000a9e00000, 0x00000000a9e00000| Untracked 
| 159|0x00000000a9f00000, 0x00000000a9f00000, 0x00000000aa000000|  0%| F|  |TAMS 0x00000000a9f00000, 0x00000000a9f00000| Untracked 
| 160|0x00000000aa000000, 0x00000000aa000000, 0x00000000aa100000|  0%| F|  |TAMS 0x00000000aa000000, 0x00000000aa000000| Untracked 
| 161|0x00000000aa100000, 0x00000000aa100000, 0x00000000aa200000|  0%| F|  |TAMS 0x00000000aa100000, 0x00000000aa100000| Untracked 
| 162|0x00000000aa200000, 0x00000000aa200000, 0x00000000aa300000|  0%| F|  |TAMS 0x00000000aa200000, 0x00000000aa200000| Untracked 
| 163|0x00000000aa300000, 0x00000000aa300000, 0x00000000aa400000|  0%| F|  |TAMS 0x00000000aa300000, 0x00000000aa300000| Untracked 
| 164|0x00000000aa400000, 0x00000000aa400000, 0x00000000aa500000|  0%| F|  |TAMS 0x00000000aa400000, 0x00000000aa400000| Untracked 
| 165|0x00000000aa500000, 0x00000000aa500000, 0x00000000aa600000|  0%| F|  |TAMS 0x00000000aa500000, 0x00000000aa500000| Untracked 
| 166|0x00000000aa600000, 0x00000000aa600000, 0x00000000aa700000|  0%| F|  |TAMS 0x00000000aa600000, 0x00000000aa600000| Untracked 
| 167|0x00000000aa700000, 0x00000000aa700000, 0x00000000aa800000|  0%| F|  |TAMS 0x00000000aa700000, 0x00000000aa700000| Untracked 
| 168|0x00000000aa800000, 0x00000000aa800000, 0x00000000aa900000|  0%| F|  |TAMS 0x00000000aa800000, 0x00000000aa800000| Untracked 
| 169|0x00000000aa900000, 0x00000000aa900000, 0x00000000aaa00000|  0%| F|  |TAMS 0x00000000aa900000, 0x00000000aa900000| Untracked 
| 170|0x00000000aaa00000, 0x00000000aaa00000, 0x00000000aab00000|  0%| F|  |TAMS 0x00000000aaa00000, 0x00000000aaa00000| Untracked 
| 171|0x00000000aab00000, 0x00000000aab00000, 0x00000000aac00000|  0%| F|  |TAMS 0x00000000aab00000, 0x00000000aab00000| Untracked 
| 172|0x00000000aac00000, 0x00000000aac00000, 0x00000000aad00000|  0%| F|  |TAMS 0x00000000aac00000, 0x00000000aac00000| Untracked 
| 173|0x00000000aad00000, 0x00000000aad00000, 0x00000000aae00000|  0%| F|  |TAMS 0x00000000aad00000, 0x00000000aad00000| Untracked 
| 174|0x00000000aae00000, 0x00000000aae00000, 0x00000000aaf00000|  0%| F|  |TAMS 0x00000000aae00000, 0x00000000aae00000| Untracked 
| 175|0x00000000aaf00000, 0x00000000aaf00000, 0x00000000ab000000|  0%| F|  |TAMS 0x00000000aaf00000, 0x00000000aaf00000| Untracked 
| 176|0x00000000ab000000, 0x00000000ab0d9b30, 0x00000000ab100000| 85%| E|  |TAMS 0x00000000ab000000, 0x00000000ab000000| Complete 
| 177|0x00000000ab100000, 0x00000000ab200000, 0x00000000ab200000|100%| E|CS|TAMS 0x00000000ab100000, 0x00000000ab100000| Complete 
| 178|0x00000000ab200000, 0x00000000ab300000, 0x00000000ab300000|100%| E|CS|TAMS 0x00000000ab200000, 0x00000000ab200000| Complete 
| 179|0x00000000ab300000, 0x00000000ab400000, 0x00000000ab400000|100%| E|CS|TAMS 0x00000000ab300000, 0x00000000ab300000| Complete 
| 180|0x00000000ab400000, 0x00000000ab500000, 0x00000000ab500000|100%| E|CS|TAMS 0x00000000ab400000, 0x00000000ab400000| Complete 
| 181|0x00000000ab500000, 0x00000000ab600000, 0x00000000ab600000|100%| E|CS|TAMS 0x00000000ab500000, 0x00000000ab500000| Complete 
| 182|0x00000000ab600000, 0x00000000ab700000, 0x00000000ab700000|100%| E|CS|TAMS 0x00000000ab600000, 0x00000000ab600000| Complete 
| 183|0x00000000ab700000, 0x00000000ab800000, 0x00000000ab800000|100%| E|CS|TAMS 0x00000000ab700000, 0x00000000ab700000| Complete 
| 184|0x00000000ab800000, 0x00000000ab900000, 0x00000000ab900000|100%| E|  |TAMS 0x00000000ab800000, 0x00000000ab800000| Complete 
| 185|0x00000000ab900000, 0x00000000aba00000, 0x00000000aba00000|100%| E|CS|TAMS 0x00000000ab900000, 0x00000000ab900000| Complete 
| 186|0x00000000aba00000, 0x00000000abb00000, 0x00000000abb00000|100%| E|CS|TAMS 0x00000000aba00000, 0x00000000aba00000| Complete 
| 187|0x00000000abb00000, 0x00000000abc00000, 0x00000000abc00000|100%| E|CS|TAMS 0x00000000abb00000, 0x00000000abb00000| Complete 
| 188|0x00000000abc00000, 0x00000000abd00000, 0x00000000abd00000|100%| E|CS|TAMS 0x00000000abc00000, 0x00000000abc00000| Complete 
| 189|0x00000000abd00000, 0x00000000abe00000, 0x00000000abe00000|100%| E|CS|TAMS 0x00000000abd00000, 0x00000000abd00000| Complete 
| 190|0x00000000abe00000, 0x00000000abf00000, 0x00000000abf00000|100%| E|CS|TAMS 0x00000000abe00000, 0x00000000abe00000| Complete 
| 191|0x00000000abf00000, 0x00000000ac000000, 0x00000000ac000000|100%| E|CS|TAMS 0x00000000abf00000, 0x00000000abf00000| Complete 
| 192|0x00000000ac000000, 0x00000000ac100000, 0x00000000ac100000|100%| E|CS|TAMS 0x00000000ac000000, 0x00000000ac000000| Complete 
| 193|0x00000000ac100000, 0x00000000ac200000, 0x00000000ac200000|100%| E|CS|TAMS 0x00000000ac100000, 0x00000000ac100000| Complete 
| 194|0x00000000ac200000, 0x00000000ac300000, 0x00000000ac300000|100%| E|CS|TAMS 0x00000000ac200000, 0x00000000ac200000| Complete 
| 195|0x00000000ac300000, 0x00000000ac400000, 0x00000000ac400000|100%| E|CS|TAMS 0x00000000ac300000, 0x00000000ac300000| Complete 
| 196|0x00000000ac400000, 0x00000000ac500000, 0x00000000ac500000|100%| E|CS|TAMS 0x00000000ac400000, 0x00000000ac400000| Complete 
| 197|0x00000000ac500000, 0x00000000ac600000, 0x00000000ac600000|100%| E|CS|TAMS 0x00000000ac500000, 0x00000000ac500000| Complete 
| 198|0x00000000ac600000, 0x00000000ac700000, 0x00000000ac700000|100%| E|CS|TAMS 0x00000000ac600000, 0x00000000ac600000| Complete 
| 199|0x00000000ac700000, 0x00000000ac800000, 0x00000000ac800000|100%| E|CS|TAMS 0x00000000ac700000, 0x00000000ac700000| Complete 
| 200|0x00000000ac800000, 0x00000000ac900000, 0x00000000ac900000|100%| E|CS|TAMS 0x00000000ac800000, 0x00000000ac800000| Complete 
| 201|0x00000000ac900000, 0x00000000aca00000, 0x00000000aca00000|100%| E|CS|TAMS 0x00000000ac900000, 0x00000000ac900000| Complete 
| 202|0x00000000aca00000, 0x00000000acb00000, 0x00000000acb00000|100%| E|CS|TAMS 0x00000000aca00000, 0x00000000aca00000| Complete 
| 203|0x00000000acb00000, 0x00000000acc00000, 0x00000000acc00000|100%| E|CS|TAMS 0x00000000acb00000, 0x00000000acb00000| Complete 
| 204|0x00000000acc00000, 0x00000000acd00000, 0x00000000acd00000|100%| E|CS|TAMS 0x00000000acc00000, 0x00000000acc00000| Complete 
| 205|0x00000000acd00000, 0x00000000ace00000, 0x00000000ace00000|100%| E|CS|TAMS 0x00000000acd00000, 0x00000000acd00000| Complete 
| 206|0x00000000ace00000, 0x00000000acf00000, 0x00000000acf00000|100%| E|CS|TAMS 0x00000000ace00000, 0x00000000ace00000| Complete 
| 207|0x00000000acf00000, 0x00000000ad000000, 0x00000000ad000000|100%| E|CS|TAMS 0x00000000acf00000, 0x00000000acf00000| Complete 
| 208|0x00000000ad000000, 0x00000000ad100000, 0x00000000ad100000|100%| E|CS|TAMS 0x00000000ad000000, 0x00000000ad000000| Complete 
| 209|0x00000000ad100000, 0x00000000ad200000, 0x00000000ad200000|100%| E|CS|TAMS 0x00000000ad100000, 0x00000000ad100000| Complete 
| 210|0x00000000ad200000, 0x00000000ad300000, 0x00000000ad300000|100%| E|CS|TAMS 0x00000000ad200000, 0x00000000ad200000| Complete 
| 211|0x00000000ad300000, 0x00000000ad400000, 0x00000000ad400000|100%| E|CS|TAMS 0x00000000ad300000, 0x00000000ad300000| Complete 
| 212|0x00000000ad400000, 0x00000000ad500000, 0x00000000ad500000|100%| E|CS|TAMS 0x00000000ad400000, 0x00000000ad400000| Complete 
| 213|0x00000000ad500000, 0x00000000ad600000, 0x00000000ad600000|100%| E|CS|TAMS 0x00000000ad500000, 0x00000000ad500000| Complete 
| 214|0x00000000ad600000, 0x00000000ad700000, 0x00000000ad700000|100%| E|CS|TAMS 0x00000000ad600000, 0x00000000ad600000| Complete 
| 215|0x00000000ad700000, 0x00000000ad800000, 0x00000000ad800000|100%| E|CS|TAMS 0x00000000ad700000, 0x00000000ad700000| Complete 
| 216|0x00000000ad800000, 0x00000000ad900000, 0x00000000ad900000|100%| E|CS|TAMS 0x00000000ad800000, 0x00000000ad800000| Complete 
| 217|0x00000000ad900000, 0x00000000ada00000, 0x00000000ada00000|100%| E|CS|TAMS 0x00000000ad900000, 0x00000000ad900000| Complete 
| 218|0x00000000ada00000, 0x00000000adb00000, 0x00000000adb00000|100%| E|CS|TAMS 0x00000000ada00000, 0x00000000ada00000| Complete 
| 219|0x00000000adb00000, 0x00000000adc00000, 0x00000000adc00000|100%| E|CS|TAMS 0x00000000adb00000, 0x00000000adb00000| Complete 
| 220|0x00000000adc00000, 0x00000000add00000, 0x00000000add00000|100%| E|CS|TAMS 0x00000000adc00000, 0x00000000adc00000| Complete 
| 221|0x00000000add00000, 0x00000000ade00000, 0x00000000ade00000|100%| E|CS|TAMS 0x00000000add00000, 0x00000000add00000| Complete 
| 222|0x00000000ade00000, 0x00000000adf00000, 0x00000000adf00000|100%| E|CS|TAMS 0x00000000ade00000, 0x00000000ade00000| Complete 
| 223|0x00000000adf00000, 0x00000000ae000000, 0x00000000ae000000|100%| E|CS|TAMS 0x00000000adf00000, 0x00000000adf00000| Complete 
| 224|0x00000000ae000000, 0x00000000ae100000, 0x00000000ae100000|100%| E|CS|TAMS 0x00000000ae000000, 0x00000000ae000000| Complete 
| 225|0x00000000ae100000, 0x00000000ae200000, 0x00000000ae200000|100%| E|CS|TAMS 0x00000000ae100000, 0x00000000ae100000| Complete 
| 226|0x00000000ae200000, 0x00000000ae300000, 0x00000000ae300000|100%| E|CS|TAMS 0x00000000ae200000, 0x00000000ae200000| Complete 
| 227|0x00000000ae300000, 0x00000000ae400000, 0x00000000ae400000|100%| E|CS|TAMS 0x00000000ae300000, 0x00000000ae300000| Complete 
| 228|0x00000000ae400000, 0x00000000ae500000, 0x00000000ae500000|100%| E|CS|TAMS 0x00000000ae400000, 0x00000000ae400000| Complete 
| 229|0x00000000ae500000, 0x00000000ae600000, 0x00000000ae600000|100%| E|CS|TAMS 0x00000000ae500000, 0x00000000ae500000| Complete 
| 230|0x00000000ae600000, 0x00000000ae700000, 0x00000000ae700000|100%| E|CS|TAMS 0x00000000ae600000, 0x00000000ae600000| Complete 
| 231|0x00000000ae700000, 0x00000000ae800000, 0x00000000ae800000|100%| E|CS|TAMS 0x00000000ae700000, 0x00000000ae700000| Complete 
| 232|0x00000000ae800000, 0x00000000ae900000, 0x00000000ae900000|100%| E|CS|TAMS 0x00000000ae800000, 0x00000000ae800000| Complete 
| 233|0x00000000ae900000, 0x00000000aea00000, 0x00000000aea00000|100%| E|CS|TAMS 0x00000000ae900000, 0x00000000ae900000| Complete 
| 234|0x00000000aea00000, 0x00000000aeb00000, 0x00000000aeb00000|100%| E|CS|TAMS 0x00000000aea00000, 0x00000000aea00000| Complete 
| 235|0x00000000aeb00000, 0x00000000aec00000, 0x00000000aec00000|100%| E|CS|TAMS 0x00000000aeb00000, 0x00000000aeb00000| Complete 
| 236|0x00000000aec00000, 0x00000000aed00000, 0x00000000aed00000|100%| E|CS|TAMS 0x00000000aec00000, 0x00000000aec00000| Complete 
| 237|0x00000000aed00000, 0x00000000aee00000, 0x00000000aee00000|100%| E|CS|TAMS 0x00000000aed00000, 0x00000000aed00000| Complete 
| 238|0x00000000aee00000, 0x00000000aef00000, 0x00000000aef00000|100%| E|CS|TAMS 0x00000000aee00000, 0x00000000aee00000| Complete 
| 239|0x00000000aef00000, 0x00000000af000000, 0x00000000af000000|100%| E|CS|TAMS 0x00000000aef00000, 0x00000000aef00000| Complete 
| 240|0x00000000af000000, 0x00000000af100000, 0x00000000af100000|100%| E|CS|TAMS 0x00000000af000000, 0x00000000af000000| Complete 
| 241|0x00000000af100000, 0x00000000af200000, 0x00000000af200000|100%| E|CS|TAMS 0x00000000af100000, 0x00000000af100000| Complete 
| 242|0x00000000af200000, 0x00000000af300000, 0x00000000af300000|100%| E|CS|TAMS 0x00000000af200000, 0x00000000af200000| Complete 
| 243|0x00000000af300000, 0x00000000af400000, 0x00000000af400000|100%| E|CS|TAMS 0x00000000af300000, 0x00000000af300000| Complete 
| 244|0x00000000af400000, 0x00000000af500000, 0x00000000af500000|100%| E|CS|TAMS 0x00000000af400000, 0x00000000af400000| Complete 
| 245|0x00000000af500000, 0x00000000af600000, 0x00000000af600000|100%| E|CS|TAMS 0x00000000af500000, 0x00000000af500000| Complete 
| 246|0x00000000af600000, 0x00000000af700000, 0x00000000af700000|100%| E|CS|TAMS 0x00000000af600000, 0x00000000af600000| Complete 
| 247|0x00000000af700000, 0x00000000af800000, 0x00000000af800000|100%| E|CS|TAMS 0x00000000af700000, 0x00000000af700000| Complete 
| 248|0x00000000af800000, 0x00000000af900000, 0x00000000af900000|100%| E|CS|TAMS 0x00000000af800000, 0x00000000af800000| Complete 
| 249|0x00000000af900000, 0x00000000afa00000, 0x00000000afa00000|100%| E|CS|TAMS 0x00000000af900000, 0x00000000af900000| Complete 
| 250|0x00000000afa00000, 0x00000000afb00000, 0x00000000afb00000|100%| E|CS|TAMS 0x00000000afa00000, 0x00000000afa00000| Complete 
| 251|0x00000000afb00000, 0x00000000afc00000, 0x00000000afc00000|100%| E|CS|TAMS 0x00000000afb00000, 0x00000000afb00000| Complete 
| 252|0x00000000afc00000, 0x00000000afd00000, 0x00000000afd00000|100%| E|CS|TAMS 0x00000000afc00000, 0x00000000afc00000| Complete 
| 253|0x00000000afd00000, 0x00000000afe00000, 0x00000000afe00000|100%| E|CS|TAMS 0x00000000afd00000, 0x00000000afd00000| Complete 

Card table byte_map: [0x0000020328930000,0x0000020328c30000] _byte_map_base: 0x0000020328430000

Marking Bits (Prev, Next): (CMBitMap*) 0x0000020310cdd9c0, (CMBitMap*) 0x0000020310cdd988
 Prev Bits: [0x000002032a730000, 0x000002032bf30000)
 Next Bits: [0x0000020328f30000, 0x000002032a730000)

Polling page: 0x000002030ec50000

Metaspace:

Usage:
  Non-class:     62.39 MB capacity,    61.11 MB ( 98%) used,     1.13 MB (  2%) free+waste,   154.00 KB ( <1%) overhead. 
      Class:      9.77 MB capacity,     9.16 MB ( 94%) used,   553.61 KB (  6%) free+waste,    72.25 KB ( <1%) overhead. 
       Both:     72.16 MB capacity,    70.27 MB ( 97%) used,     1.67 MB (  2%) free+waste,   226.25 KB ( <1%) overhead. 

Virtual space:
  Non-class space:       64.00 MB reserved,      62.50 MB ( 98%) committed 
      Class space:        1.00 GB reserved,       9.82 MB ( <1%) committed 
             Both:        1.06 GB reserved,      72.32 MB (  7%) committed 

Chunk freelists:
   Non-Class:  47.00 KB
       Class:  15.00 KB
        Both:  62.00 KB

MaxMetaspaceSize: 17179869184.00 GB
CompressedClassSpaceSize: 1.00 GB

CodeHeap 'non-profiled nmethods': size=120000Kb used=5126Kb max_used=5126Kb free=114873Kb
 bounds [0x0000020320dd0000, 0x00000203212e0000, 0x0000020328300000]
CodeHeap 'profiled nmethods': size=120000Kb used=16945Kb max_used=16945Kb free=103054Kb
 bounds [0x00000203198a0000, 0x000002031a930000, 0x0000020320dd0000]
CodeHeap 'non-nmethods': size=5760Kb used=2263Kb max_used=2330Kb free=3496Kb
 bounds [0x0000020319300000, 0x0000020319570000, 0x00000203198a0000]
 total_blobs=10818 nmethods=7564 adapters=761
 compilation: enabled
              stopped_count=0, restarted_count=0
 full_count=0

Compilation events (20 events):
Event: 24.061 Thread 0x0000020333e7c800 nmethod 7793 0x00000203212cd990 code [0x00000203212cdb20, 0x00000203212cdb78]
Event: 24.062 Thread 0x0000020333e7d000 nmethod 7792 0x00000203212cdc10 code [0x00000203212cddc0, 0x00000203212ce078]
Event: 24.076 Thread 0x0000020333e7c800 7794       4       java.lang.reflect.ProxyGenerator$ConstantPool$IndirectEntry::write (61 bytes)
Event: 24.078 Thread 0x0000020333e7c800 nmethod 7794 0x00000203212ce290 code [0x00000203212ce440, 0x00000203212ce578]
Event: 24.078 Thread 0x000002032f268800 7795       1       sun.nio.fs.WindowsNativeDispatcher$FirstFile::name (5 bytes)
Event: 24.079 Thread 0x000002032f268800 nmethod 7795 0x00000203212ce710 code [0x00000203212ce8c0, 0x00000203212ce9d8]
Event: 24.082 Thread 0x000002032f268800 7796       3       org.gradle.internal.snapshot.DirectorySnapshot::accept (58 bytes)
Event: 24.083 Thread 0x000002032f268800 nmethod 7796 0x000002031a924810 code [0x000002031a924a40, 0x000002031a925220]
Event: 24.083 Thread 0x000002032f268800 7797       3       org.gradle.internal.hash.HashCode::toByteArray (11 bytes)
Event: 24.084 Thread 0x000002032f268800 nmethod 7797 0x000002031a925410 code [0x000002031a9255e0, 0x000002031a9258f0]
Event: 24.085 Thread 0x0000020333e7d000 7798       4       com.google.common.io.CountingOutputStream::write (19 bytes)
Event: 24.089 Thread 0x0000020333e7d000 nmethod 7798 0x00000203212cea90 code [0x00000203212cec40, 0x00000203212cf058]
Event: 24.090 Thread 0x000002032f268800 7799       3       org.slf4j.impl.StaticLoggerBinder::getSingleton (4 bytes)
Event: 24.090 Thread 0x000002032f268800 nmethod 7799 0x000002031a925a10 code [0x000002031a925bc0, 0x000002031a925d18]
Event: 24.109 Thread 0x000002032f268800 7800       1       org.gradle.api.internal.file.collections.ListBackedFileSet::getFiles (5 bytes)
Event: 24.109 Thread 0x000002032f268800 nmethod 7800 0x00000203212cf210 code [0x00000203212cf3c0, 0x00000203212cf4d8]
Event: 24.155 Thread 0x000002032f268800 7801  s    3       java.io.FileDescriptor::attach (73 bytes)
Event: 24.156 Thread 0x000002032f268800 nmethod 7801 0x000002031a925d90 code [0x000002031a926000, 0x000002031a926de0]
Event: 24.159 Thread 0x000002032f268800 7802       3       org.gradle.api.internal.file.AbstractFileCollection::iterator (10 bytes)
Event: 24.159 Thread 0x000002032f268800 nmethod 7802 0x000002031a927190 code [0x000002031a927360, 0x000002031a927640]

GC Heap History (16 events):
Event: 1.231 GC heap before
{Heap before GC invocations=0 (full 0):
 garbage-first heap   total 260096K, used 29696K [0x00000000a0000000, 0x0000000100000000)
  region size 1024K, 24 young (24576K), 0 survivors (0K)
 Metaspace       used 10728K, capacity 10996K, committed 11264K, reserved 1058816K
  class space    used 1128K, capacity 1193K, committed 1280K, reserved 1048576K
}
Event: 1.236 GC heap after
{Heap after GC invocations=1 (full 0):
 garbage-first heap   total 260096K, used 8622K [0x00000000a0000000, 0x0000000100000000)
  region size 1024K, 3 young (3072K), 3 survivors (3072K)
 Metaspace       used 10728K, capacity 10996K, committed 11264K, reserved 1058816K
  class space    used 1128K, capacity 1193K, committed 1280K, reserved 1048576K
}
Event: 6.503 GC heap before
{Heap before GC invocations=1 (full 0):
 garbage-first heap   total 260096K, used 87470K [0x00000000a0000000, 0x0000000100000000)
  region size 1024K, 82 young (83968K), 3 survivors (3072K)
 Metaspace       used 20725K, capacity 21152K, committed 21248K, reserved 1067008K
  class space    used 2605K, capacity 2762K, committed 2816K, reserved 1048576K
}
Event: 6.522 GC heap after
{Heap after GC invocations=2 (full 0):
 garbage-first heap   total 260096K, used 15719K [0x00000000a0000000, 0x0000000100000000)
  region size 1024K, 10 young (10240K), 10 survivors (10240K)
 Metaspace       used 20725K, capacity 21152K, committed 21248K, reserved 1067008K
  class space    used 2605K, capacity 2762K, committed 2816K, reserved 1048576K
}
Event: 9.458 GC heap before
{Heap before GC invocations=3 (full 0):
 garbage-first heap   total 260096K, used 78183K [0x00000000a0000000, 0x0000000100000000)
  region size 1024K, 69 young (70656K), 10 survivors (10240K)
 Metaspace       used 31934K, capacity 32480K, committed 32640K, reserved 1077248K
  class space    used 3933K, capacity 4128K, committed 4224K, reserved 1048576K
}
Event: 9.471 GC heap after
{Heap after GC invocations=4 (full 0):
 garbage-first heap   total 260096K, used 20470K [0x00000000a0000000, 0x0000000100000000)
  region size 1024K, 5 young (5120K), 5 survivors (5120K)
 Metaspace       used 31934K, capacity 32480K, committed 32640K, reserved 1077248K
  class space    used 3933K, capacity 4128K, committed 4224K, reserved 1048576K
}
Event: 10.453 GC heap before
{Heap before GC invocations=4 (full 0):
 garbage-first heap   total 260096K, used 48118K [0x00000000a0000000, 0x0000000100000000)
  region size 1024K, 34 young (34816K), 5 survivors (5120K)
 Metaspace       used 35216K, capacity 35785K, committed 35840K, reserved 1081344K
  class space    used 4377K, capacity 4585K, committed 4608K, reserved 1048576K
}
Event: 10.464 GC heap after
{Heap after GC invocations=5 (full 0):
 garbage-first heap   total 260096K, used 21857K [0x00000000a0000000, 0x0000000100000000)
  region size 1024K, 7 young (7168K), 7 survivors (7168K)
 Metaspace       used 35216K, capacity 35785K, committed 35840K, reserved 1081344K
  class space    used 4377K, capacity 4585K, committed 4608K, reserved 1048576K
}
Event: 12.865 GC heap before
{Heap before GC invocations=6 (full 0):
 garbage-first heap   total 260096K, used 109921K [0x00000000a0000000, 0x0000000100000000)
  region size 1024K, 90 young (92160K), 7 survivors (7168K)
 Metaspace       used 40978K, capacity 41792K, committed 41932K, reserved 1085440K
  class space    used 5229K, capacity 5475K, committed 5580K, reserved 1048576K
}
Event: 12.876 GC heap after
{Heap after GC invocations=7 (full 0):
 garbage-first heap   total 260096K, used 30697K [0x00000000a0000000, 0x0000000100000000)
  region size 1024K, 12 young (12288K), 12 survivors (12288K)
 Metaspace       used 40978K, capacity 41792K, committed 41932K, reserved 1085440K
  class space    used 5229K, capacity 5475K, committed 5580K, reserved 1048576K
}
Event: 16.558 GC heap before
{Heap before GC invocations=7 (full 0):
 garbage-first heap   total 260096K, used 150505K [0x00000000a0000000, 0x0000000100000000)
  region size 1024K, 127 young (130048K), 12 survivors (12288K)
 Metaspace       used 54161K, capacity 55233K, committed 55500K, reserved 1097728K
  class space    used 6794K, capacity 7094K, committed 7116K, reserved 1048576K
}
Event: 16.574 GC heap after
{Heap after GC invocations=8 (full 0):
 garbage-first heap   total 260096K, used 41932K [0x00000000a0000000, 0x0000000100000000)
  region size 1024K, 16 young (16384K), 16 survivors (16384K)
 Metaspace       used 54161K, capacity 55233K, committed 55500K, reserved 1097728K
  class space    used 6794K, capacity 7094K, committed 7116K, reserved 1048576K
}
Event: 18.193 GC heap before
{Heap before GC invocations=8 (full 0):
 garbage-first heap   total 260096K, used 107468K [0x00000000a0000000, 0x0000000100000000)
  region size 1024K, 81 young (82944K), 16 survivors (16384K)
 Metaspace       used 58788K, capacity 60174K, committed 60236K, reserved 1101824K
  class space    used 7472K, capacity 7982K, committed 8012K, reserved 1048576K
}
Event: 18.244 GC heap after
{Heap after GC invocations=9 (full 0):
 garbage-first heap   total 260096K, used 48277K [0x00000000a0000000, 0x0000000100000000)
  region size 1024K, 6 young (6144K), 6 survivors (6144K)
 Metaspace       used 58788K, capacity 60174K, committed 60236K, reserved 1101824K
  class space    used 7472K, capacity 7982K, committed 8012K, reserved 1048576K
}
Event: 20.569 GC heap before
{Heap before GC invocations=10 (full 0):
 garbage-first heap   total 260096K, used 152725K [0x00000000a0000000, 0x0000000100000000)
  region size 1024K, 108 young (110592K), 6 survivors (6144K)
 Metaspace       used 66075K, capacity 67791K, committed 68044K, reserved 1107968K
  class space    used 8513K, capacity 9103K, committed 9164K, reserved 1048576K
}
Event: 20.579 GC heap after
{Heap after GC invocations=11 (full 0):
 garbage-first heap   total 260096K, used 55840K [0x00000000a0000000, 0x0000000100000000)
  region size 1024K, 13 young (13312K), 13 survivors (13312K)
 Metaspace       used 66075K, capacity 67791K, committed 68044K, reserved 1107968K
  class space    used 8513K, capacity 9103K, committed 9164K, reserved 1048576K
}

Deoptimization events (20 events):
Event: 23.839 Thread 0x0000020338cf2000 Uncommon trap: trap_request=0xffffffde fr.pc=0x00000203212b26c0 relative=0x0000000000003560
Event: 23.839 Thread 0x0000020338cf2000 Uncommon trap: reason=class_check action=maybe_recompile pc=0x00000203212b26c0 method=java.io.FilterInputStream.read([BII)I @ 7 c2
Event: 23.839 Thread 0x0000020338cf2000 DEOPT PACKING pc=0x00000203212b26c0 sp=0x000000e90bffb290
Event: 23.839 Thread 0x0000020338cf2000 DEOPT UNPACKING pc=0x0000020319328f2f sp=0x000000e90bffb198 mode 2
Event: 23.839 Thread 0x0000020338cf2000 Uncommon trap: trap_request=0xffffffde fr.pc=0x00000203212b26c0 relative=0x0000000000003560
Event: 23.839 Thread 0x0000020338cf2000 Uncommon trap: reason=class_check action=maybe_recompile pc=0x00000203212b26c0 method=java.io.FilterInputStream.read([BII)I @ 7 c2
Event: 23.839 Thread 0x0000020338cf2000 DEOPT PACKING pc=0x00000203212b26c0 sp=0x000000e90bffb290
Event: 23.839 Thread 0x0000020338cf2000 DEOPT UNPACKING pc=0x0000020319328f2f sp=0x000000e90bffb198 mode 2
Event: 23.839 Thread 0x0000020338cf2000 Uncommon trap: trap_request=0xffffffde fr.pc=0x00000203212b26c0 relative=0x0000000000003560
Event: 23.839 Thread 0x0000020338cf2000 Uncommon trap: reason=class_check action=maybe_recompile pc=0x00000203212b26c0 method=java.io.FilterInputStream.read([BII)I @ 7 c2
Event: 23.839 Thread 0x0000020338cf2000 DEOPT PACKING pc=0x00000203212b26c0 sp=0x000000e90bffb290
Event: 23.840 Thread 0x0000020338cf2000 DEOPT UNPACKING pc=0x0000020319328f2f sp=0x000000e90bffb198 mode 2
Event: 23.840 Thread 0x0000020338cf2000 Uncommon trap: trap_request=0xffffffde fr.pc=0x00000203212b26c0 relative=0x0000000000003560
Event: 23.840 Thread 0x0000020338cf2000 Uncommon trap: reason=class_check action=maybe_recompile pc=0x00000203212b26c0 method=java.io.FilterInputStream.read([BII)I @ 7 c2
Event: 23.840 Thread 0x0000020338cf2000 DEOPT PACKING pc=0x00000203212b26c0 sp=0x000000e90bffb290
Event: 23.840 Thread 0x0000020338cf2000 DEOPT UNPACKING pc=0x0000020319328f2f sp=0x000000e90bffb198 mode 2
Event: 23.947 Thread 0x0000020338cef800 Uncommon trap: trap_request=0xffffff7e fr.pc=0x00000203212c94e8 relative=0x00000000000003a8
Event: 23.947 Thread 0x0000020338cef800 Uncommon trap: reason=predicate action=maybe_recompile pc=0x00000203212c94e8 method=java.util.AbstractCollection.toArray([Ljava/lang/Object;)[Ljava/lang/Object; @ 43 c2
Event: 23.947 Thread 0x0000020338cef800 DEOPT PACKING pc=0x00000203212c94e8 sp=0x000000e90c0fcd90
Event: 23.947 Thread 0x0000020338cef800 DEOPT UNPACKING pc=0x0000020319328f2f sp=0x000000e90c0fcd48 mode 2

Classes redefined (0 events):
No events

Internal exceptions (20 events):
Event: 20.233 Thread 0x00000203306d6800 Exception <a 'java/lang/ClassNotFoundException'{0x00000000a9ddcf20}: org/gradle/api/DefaultTask_DecoratedBeanInfo> (0x00000000a9ddcf20) thrown at [./src/hotspot/share/classfile/systemDictionary.cpp, line 231]
Event: 20.234 Thread 0x00000203306d6800 Exception <a 'java/lang/ClassNotFoundException'{0x00000000a9c06398}: org/gradle/api/DefaultTask_DecoratedCustomizer> (0x00000000a9c06398) thrown at [./src/hotspot/share/classfile/systemDictionary.cpp, line 231]
Event: 20.310 Thread 0x00000203306d6800 Exception <a 'java/lang/ClassNotFoundException'{0x00000000a9a26288}: org/gradle/api/tasks/Delete_DecoratedBeanInfo> (0x00000000a9a26288) thrown at [./src/hotspot/share/classfile/systemDictionary.cpp, line 231]
Event: 20.311 Thread 0x00000203306d6800 Exception <a 'java/lang/ClassNotFoundException'{0x00000000a9a45568}: org/gradle/api/tasks/DeleteBeanInfo> (0x00000000a9a45568) thrown at [./src/hotspot/share/classfile/systemDictionary.cpp, line 231]
Event: 20.313 Thread 0x00000203306d6800 Exception <a 'java/lang/ClassNotFoundException'{0x00000000a9a64820}: org/gradle/api/tasks/DeleteCustomizer> (0x00000000a9a64820) thrown at [./src/hotspot/share/classfile/systemDictionary.cpp, line 231]
Event: 20.316 Thread 0x00000203306d6800 Exception <a 'java/lang/ClassNotFoundException'{0x00000000a9a96f78}: org/gradle/api/tasks/Delete_DecoratedCustomizer> (0x00000000a9a96f78) thrown at [./src/hotspot/share/classfile/systemDictionary.cpp, line 231]
Event: 20.697 Thread 0x00000203306d6800 Exception <a 'java/lang/NullPointerException'{0x00000000af9801b0}> (0x00000000af9801b0) thrown at [./src/hotspot/share/interpreter/linkResolver.cpp, line 1440]
Event: 21.259 Thread 0x00000203306d6800 Implicit null exception at 0x000002032117ea5e to 0x0000020321180072
Event: 21.383 Thread 0x00000203306d6800 Exception <a 'java/lang/NoSuchMethodError'{0x00000000ae767388}: 'int java.lang.invoke.DirectMethodHandle$Holder.invokeStatic(java.lang.Object, java.lang.Object, int, java.lang.Object)'> (0x00000000ae767388) thrown at [./src/hotspot/share/interpreter/linkResolver.cpp, line 773]
Event: 21.874 Thread 0x00000203306d6800 Exception <a 'java/lang/ClassNotFoundException'{0x00000000ad9332f0}: org/gradle/api/internal/file/collections/DefaultConfigurableFileCollectionBeanInfo> (0x00000000ad9332f0) thrown at [./src/hotspot/share/classfile/systemDictionary.cpp, line 231]
Event: 21.875 Thread 0x00000203306d6800 Exception <a 'java/lang/ClassNotFoundException'{0x00000000ad945810}: org/gradle/api/internal/file/collections/DefaultConfigurableFileCollectionCustomizer> (0x00000000ad945810) thrown at [./src/hotspot/share/classfile/systemDictionary.cpp, line 231]
Event: 21.882 Thread 0x00000203306d6800 Exception <a 'java/lang/ClassNotFoundException'{0x00000000ad9d23a0}: org/gradle/api/internal/file/UnionFileCollectionBeanInfo> (0x00000000ad9d23a0) thrown at [./src/hotspot/share/classfile/systemDictionary.cpp, line 231]
Event: 21.883 Thread 0x00000203306d6800 Exception <a 'java/lang/ClassNotFoundException'{0x00000000ad9e0d08}: org/gradle/api/internal/file/UnionFileCollectionCustomizer> (0x00000000ad9e0d08) thrown at [./src/hotspot/share/classfile/systemDictionary.cpp, line 231]
Event: 22.676 Thread 0x0000020338cf2000 Exception <a 'java/lang/NoSuchMethodError'{0x00000000acbb76c0}: 'java.lang.Object java.lang.invoke.DirectMethodHandle$Holder.invokeSpecial(java.lang.Object, java.lang.Object, java.lang.Object, java.lang.Object, java.lang.Object, java.lang.Object, java.lang.Object, java.lang.Object, java.lang.Object, java.lang.Object, java.lang.Object, java.lang.Object)'> (0x00000000acbb76c0) thrown at [./src/hotspot/share/interpreter/linkResolver.cpp, line 773]
Event: 22.677 Thread 0x0000020338cf2000 Exception <a 'java/lang/NoSuchMethodError'{0x00000000ac9c59e0}: 'java.lang.Object java.lang.invoke.Invokers$Holder.linkToTargetMethod(java.lang.Object, java.lang.Object, java.lang.Object, java.lang.Object, java.lang.Object, java.lang.Object, java.lang.Object, java.lang.Object, java.lang.Object, java.lang.Object, java.lang.Object)'> (0x00000000ac9c59e0) thrown at [./src/hotspot/share/interpreter/linkResolver.cpp, line 773]
Event: 22.682 Thread 0x0000020338cf4800 Exception <a 'java/lang/NoSuchMethodError'{0x00000000aca44118}: 'java.lang.Object java.lang.invoke.Invokers$Holder.linkToTargetMethod(java.lang.Object, java.lang.Object, java.lang.Object, java.lang.Object, java.lang.Object, java.lang.Object, java.lang.Object, java.lang.Object, java.lang.Object, java.lang.Object, java.lang.Object)'> (0x00000000aca44118) thrown at [./src/hotspot/share/interpreter/linkResolver.cpp, line 773]
Event: 22.759 Thread 0x0000020338cf1000 Exception <a 'java/lang/NoSuchMethodError'{0x00000000ac8432a0}: 'java.lang.Object java.lang.invoke.Invokers$Holder.linkToTargetMethod(java.lang.Object, java.lang.Object, java.lang.Object, java.lang.Object, java.lang.Object, java.lang.Object, java.lang.Object, java.lang.Object, java.lang.Object, java.lang.Object, java.lang.Object, java.lang.Object)'> (0x00000000ac8432a0) thrown at [./src/hotspot/share/interpreter/linkResolver.cpp, line 773]
Event: 22.859 Thread 0x0000020338cf4800 Exception <a 'java/lang/NoSuchMethodError'{0x00000000aca68ab0}: 'void java.lang.invoke.DirectMethodHandle$Holder.invokeStatic(java.lang.Object, java.lang.Object, java.lang.Object, java.lang.Object, java.lang.Object, java.lang.Object, java.lang.Object)'> (0x00000000aca68ab0) thrown at [./src/hotspot/share/interpreter/linkResolver.cpp, line 773]
Event: 22.859 Thread 0x0000020338cef800 Exception <a 'java/lang/NoSuchMethodError'{0x00000000ac78e108}: 'void java.lang.invoke.DirectMethodHandle$Holder.invokeStatic(java.lang.Object, java.lang.Object, java.lang.Object, java.lang.Object, java.lang.Object, java.lang.Object, java.lang.Object)'> (0x00000000ac78e108) thrown at [./src/hotspot/share/interpreter/linkResolver.cpp, line 773]
Event: 23.444 Thread 0x0000020338cf2000 Implicit null exception at 0x0000020320f2bf94 to 0x0000020320f2ccbc

Events (20 events):
Event: 24.150 loading class org/gradle/api/internal/tasks/properties/DefaultTaskProperties$3
Event: 24.150 loading class org/gradle/api/internal/tasks/properties/DefaultTaskProperties$3 done
Event: 24.153 loading class org/gradle/api/internal/tasks/properties/DefaultTaskProperties$4
Event: 24.153 loading class org/gradle/api/internal/tasks/properties/DefaultTaskProperties$4 done
Event: 24.154 loading class org/gradle/api/internal/changedetection/TaskExecutionMode
Event: 24.154 loading class org/gradle/api/internal/changedetection/TaskExecutionMode done
Event: 24.155 loading class org/gradle/api/internal/tasks/execution/ResolveTaskExecutionModeExecuter$1
Event: 24.155 loading class org/gradle/api/internal/tasks/execution/ResolveTaskExecutionModeExecuter$1 done
Event: 24.155 loading class org/gradle/api/internal/file/collections/LazilyInitializedFileCollection
Event: 24.155 loading class org/gradle/api/internal/file/collections/LazilyInitializedFileCollection done
Event: 24.157 Executing VM operation: RevokeBias
Event: 24.157 Executing VM operation: RevokeBias done
Event: 24.157 Executing VM operation: RevokeBias
Event: 24.157 Executing VM operation: RevokeBias done
Event: 24.159 Executing VM operation: RevokeBias
Event: 24.159 Executing VM operation: RevokeBias done
Event: 24.160 Executing VM operation: RevokeBias
Event: 24.160 Executing VM operation: RevokeBias done
Event: 24.164 loading class org/gradle/api/internal/tasks/execution/CleanupStaleOutputsExecuter$1
Event: 24.164 loading class org/gradle/api/internal/tasks/execution/CleanupStaleOutputsExecuter$1 done


Dynamic libraries:
0x00007ff639160000 - 0x00007ff63916d000 	C:\Users\User\AppData\Local\Programs\AdoptOpenJDK\bin\java.exe
0x00007ffc71fc0000 - 0x00007ffc721b0000 	C:\Windows\SYSTEM32\ntdll.dll
0x00007ffc5aa00000 - 0x00007ffc5aa12000 	C:\Program Files\Avast Software\Avast\aswhook.dll
0x00007ffc71640000 - 0x00007ffc716f2000 	C:\Windows\System32\KERNEL32.DLL
0x00007ffc6f420000 - 0x00007ffc6f6c4000 	C:\Windows\System32\KERNELBASE.dll
0x00007ffc6ff70000 - 0x00007ffc7006a000 	C:\Windows\System32\ucrtbase.dll
0x00007ffc69a70000 - 0x00007ffc69a87000 	C:\Users\User\AppData\Local\Programs\AdoptOpenJDK\bin\jli.dll
0x00007ffc71700000 - 0x00007ffc71894000 	C:\Windows\System32\USER32.dll
0x00007ffc6fef0000 - 0x00007ffc6ff11000 	C:\Windows\System32\win32u.dll
0x00007ffc71f50000 - 0x00007ffc71f76000 	C:\Windows\System32\GDI32.dll
0x00007ffc6f280000 - 0x00007ffc6f414000 	C:\Windows\System32\gdi32full.dll
0x00007ffc6ef50000 - 0x00007ffc6efee000 	C:\Windows\System32\msvcp_win.dll
0x00007ffc5e3b0000 - 0x00007ffc5e3c5000 	C:\Users\User\AppData\Local\Programs\AdoptOpenJDK\bin\VCRUNTIME140.dll
0x00007ffc5fc80000 - 0x00007ffc5ff04000 	C:\Windows\WinSxS\amd64_microsoft.windows.common-controls_6595b64144ccf1df_6.0.18362.836_none_e6c4b943130f18ed\COMCTL32.dll
0x00007ffc71120000 - 0x00007ffc711be000 	C:\Windows\System32\msvcrt.dll
0x00007ffc71300000 - 0x00007ffc71636000 	C:\Windows\System32\combase.dll
0x00007ffc70660000 - 0x00007ffc70780000 	C:\Windows\System32\RPCRT4.dll
0x00007ffc6f6f0000 - 0x00007ffc6f770000 	C:\Windows\System32\bcryptPrimitives.dll
0x00007ffc70630000 - 0x00007ffc7065e000 	C:\Windows\System32\IMM32.DLL
0x00007ffc1a000000 - 0x00007ffc1a09b000 	C:\Users\User\AppData\Local\Programs\AdoptOpenJDK\bin\msvcp140.dll
0x00007ffc19540000 - 0x00007ffc19ffc000 	C:\Users\User\AppData\Local\Programs\AdoptOpenJDK\bin\server\jvm.dll
0x00007ffc71a30000 - 0x00007ffc71ad3000 	C:\Windows\System32\ADVAPI32.dll
0x00007ffc70070000 - 0x00007ffc70107000 	C:\Windows\System32\sechost.dll
0x00007ffc70180000 - 0x00007ffc70188000 	C:\Windows\System32\PSAPI.DLL
0x00007ffc5cfb0000 - 0x00007ffc5cfb9000 	C:\Windows\SYSTEM32\WSOCK32.dll
0x00007ffc705c0000 - 0x00007ffc7062f000 	C:\Windows\System32\WS2_32.dll
0x00007ffc6c000000 - 0x00007ffc6c024000 	C:\Windows\SYSTEM32\WINMM.dll
0x00007ffc67810000 - 0x00007ffc6781a000 	C:\Windows\SYSTEM32\VERSION.dll
0x00007ffc6bd80000 - 0x00007ffc6bdad000 	C:\Windows\SYSTEM32\WINMMBASE.dll
0x00007ffc6ff20000 - 0x00007ffc6ff6a000 	C:\Windows\System32\cfgmgr32.dll
0x00007ffc6eeb0000 - 0x00007ffc6eec1000 	C:\Windows\System32\kernel.appcore.dll
0x00007ffc69a60000 - 0x00007ffc69a70000 	C:\Users\User\AppData\Local\Programs\AdoptOpenJDK\bin\verify.dll
0x00007ffc6d5f0000 - 0x00007ffc6d7e4000 	C:\Windows\SYSTEM32\DBGHELP.DLL
0x00007ffc63390000 - 0x00007ffc633ba000 	C:\Windows\SYSTEM32\dbgcore.DLL
0x00007ffc42030000 - 0x00007ffc42058000 	C:\Users\User\AppData\Local\Programs\AdoptOpenJDK\bin\java.dll
0x00007ffc5e390000 - 0x00007ffc5e3a6000 	C:\Users\User\AppData\Local\Programs\AdoptOpenJDK\bin\zip.dll
0x00007ffc4cec0000 - 0x00007ffc4ceca000 	C:\Users\User\AppData\Local\Programs\AdoptOpenJDK\bin\jimage.dll
0x00007ffc708d0000 - 0x00007ffc70fb4000 	C:\Windows\System32\SHELL32.dll
0x00007ffc70460000 - 0x00007ffc70509000 	C:\Windows\System32\shcore.dll
0x00007ffc6f770000 - 0x00007ffc6feee000 	C:\Windows\System32\windows.storage.dll
0x00007ffc6eed0000 - 0x00007ffc6eef3000 	C:\Windows\System32\profapi.dll
0x00007ffc6ef00000 - 0x00007ffc6ef4a000 	C:\Windows\System32\powrprof.dll
0x00007ffc6ee80000 - 0x00007ffc6ee90000 	C:\Windows\System32\UMPDC.dll
0x00007ffc71900000 - 0x00007ffc71952000 	C:\Windows\System32\shlwapi.dll
0x00007ffc6f6d0000 - 0x00007ffc6f6e7000 	C:\Windows\System32\cryptsp.dll
0x00007ffc45eb0000 - 0x00007ffc45ec9000 	C:\Users\User\AppData\Local\Programs\AdoptOpenJDK\bin\net.dll
0x00007ffc63460000 - 0x00007ffc63550000 	C:\Windows\SYSTEM32\WINHTTP.dll
0x00007ffc6e690000 - 0x00007ffc6e6f7000 	C:\Windows\system32\mswsock.dll
0x00007ffc43360000 - 0x00007ffc43372000 	C:\Users\User\AppData\Local\Programs\AdoptOpenJDK\bin\nio.dll
0x00007ffc41fb0000 - 0x00007ffc41fd6000 	C:\Users\User\.gradle\native\30\windows-amd64\native-platform.dll
0x00007ffc4c750000 - 0x00007ffc4c759000 	C:\Users\User\AppData\Local\Programs\AdoptOpenJDK\bin\management.dll
0x00007ffc4af10000 - 0x00007ffc4af1b000 	C:\Users\User\AppData\Local\Programs\AdoptOpenJDK\bin\management_ext.dll
0x00007ffc6e200000 - 0x00007ffc6e233000 	C:\Windows\system32\rsaenh.dll
0x00007ffc6f100000 - 0x00007ffc6f126000 	C:\Windows\System32\bcrypt.dll
0x00007ffc6eda0000 - 0x00007ffc6edc5000 	C:\Windows\SYSTEM32\USERENV.dll
0x00007ffc6e860000 - 0x00007ffc6e86c000 	C:\Windows\SYSTEM32\CRYPTBASE.dll
0x00007ffc6e3a0000 - 0x00007ffc6e3da000 	C:\Windows\SYSTEM32\IPHLPAPI.DLL
0x00007ffc703c0000 - 0x00007ffc703c8000 	C:\Windows\System32\NSI.dll
0x00007ffc661e0000 - 0x00007ffc661f6000 	C:\Windows\SYSTEM32\dhcpcsvc6.DLL
0x00007ffc66330000 - 0x00007ffc6634c000 	C:\Windows\SYSTEM32\dhcpcsvc.DLL
0x00007ffc6e3e0000 - 0x00007ffc6e4ab000 	C:\Windows\SYSTEM32\DNSAPI.dll

dbghelp: loaded successfully - version: 4.0.5 - missing functions: none
symbol engine: initialized successfully - sym options: 0x614 - pdb path: .;C:\Users\User\AppData\Local\Programs\AdoptOpenJDK\bin;C:\Windows\SYSTEM32;C:\Program Files\Avast Software\Avast;C:\Windows\WinSxS\amd64_microsoft.windows.common-controls_6595b64144ccf1df_6.0.18362.836_none_e6c4b943130f18ed;C:\Users\User\AppData\Local\Programs\AdoptOpenJDK\bin\server;C:\Users\User\.gradle\native\30\windows-amd64

VM Arguments:
jvm_args: --add-opens=java.base/java.util=ALL-UNNAMED --add-opens=java.base/java.lang=ALL-UNNAMED --add-opens=java.base/java.lang.invoke=ALL-UNNAMED --add-opens=java.prefs/java.util.prefs=ALL-UNNAMED -Xmx1536M -Dfile.encoding=windows-1251 -Duser.country=RU -Duser.language=ru -Duser.variant 
java_command: org.gradle.launcher.daemon.bootstrap.GradleDaemon 5.6.2
java_class_path (initial): C:\Users\User\.gradle\wrapper\dists\gradle-5.6.2-all\9st6wgf78h16so49nn74lgtbb\gradle-5.6.2\lib\gradle-launcher-5.6.2.jar
Launcher Type: SUN_STANDARD

[Global flags]
     intx CICompilerCount                          = 4                                         {product} {ergonomic}
     uint ConcGCThreads                            = 2                                         {product} {ergonomic}
     uint G1ConcRefinementThreads                  = 8                                         {product} {ergonomic}
   size_t G1HeapRegionSize                         = 1048576                                   {product} {ergonomic}
    uintx GCDrainStackTargetSize                   = 64                                        {product} {ergonomic}
   size_t InitialHeapSize                          = 266338304                                 {product} {ergonomic}
   size_t MarkStackSize                            = 4194304                                   {product} {ergonomic}
   size_t MaxHeapSize                              = 1610612736                                {product} {command line}
   size_t MaxNewSize                               = 965738496                                 {product} {ergonomic}
   size_t MinHeapDeltaBytes                        = 1048576                                   {product} {ergonomic}
    uintx NonNMethodCodeHeapSize                   = 5836300                                {pd product} {ergonomic}
    uintx NonProfiledCodeHeapSize                  = 122910970                              {pd product} {ergonomic}
    uintx ProfiledCodeHeapSize                     = 122910970                              {pd product} {ergonomic}
    uintx ReservedCodeCacheSize                    = 251658240                              {pd product} {ergonomic}
     bool SegmentedCodeCache                       = true                                      {product} {ergonomic}
     bool UseCompressedClassPointers               = true                                 {lp64_product} {ergonomic}
     bool UseCompressedOops                        = true                                 {lp64_product} {ergonomic}
     bool UseG1GC                                  = true                                      {product} {ergonomic}
     bool UseLargePagesIndividualAllocation        = false                                  {pd product} {ergonomic}

Logging:
Log output configuration:
 #0: stdout all=warning uptime,level,tags
 #1: stderr all=off uptime,level,tags

Environment Variables:
JAVA_HOME=C:\Users\User\AppData\Local\Programs\AdoptOpenJDK\
CLASSPATH=C:\Users\User\Desktop\parserub\android\\gradle\wrapper\gradle-wrapper.jar
PATH=c:\users\user\gcc\bin;c:\users\user\gcc\libexec\gcc\x86_64-w64-mingw32\8.3.0;C:\Program Files (x86)\Common Files\Intel\Shared Libraries\redist\intel64\compiler;C:\Program Files (x86)\Common Files\Intel\Shared Libraries\redist\ia32\compiler;C:\Windows\system32;C:\Windows;C:\Windows\System32\Wbem;C:\Windows\System32\WindowsPowerShell\v1.0\;C:\Windows\System32\OpenSSH\;C:\Program Files\Microsoft VS Code\bin;C:\Program Files\dotnet\;C:\Program Files\Microsoft SQL Server\130\Tools\Binn\;C:\Program Files\Microsoft SQL Server\Client SDK\ODBC\170\Tools\Binn\;C:\Program Files\nodejs\;C:\Program Files\MiKTeX\miktex\bin\x64\;C:\Program Files\Git\cmd;C:\Ruby26-x64\bin;C:\Users\Public\Documents\RAD Studio\6.0\Bpl;C:\Users\User\AppData\Local\Programs\AdoptOpenJDK\bin;C:\Users\User\AppData\Local\Microsoft\WindowsApps;C:\Users\User\.dotnet\tools;C:\Users\User\AppData\Roaming\npm;C:\norminette-client-master\;C:\src\flutter\bin;C:\dart-sdk\bin;C:\Users\User\AppData\Local\Programs\AdoptOpenJDK\\bin\server;;C:\src\flutter\bin\mingit\cmd
USERNAME=User
OS=Windows_NT
PROCESSOR_IDENTIFIER=AMD64 Family 23 Model 24 Stepping 1, AuthenticAMD



---------------  S Y S T E M  ---------------

OS: Windows 10 , 64 bit Build 18362 (10.0.18362.778)
OS uptime: 0 days 1:10 hours

CPU:total 8 (initial active 8) (8 cores per cpu, 2 threads per core) family 23 model 24 stepping 1, cmov, cx8, fxsr, mmx, sse, sse2, sse3, ssse3, sse4.1, sse4.2, popcnt, avx, avx2, aes, clmul, mmxext, 3dnowpref, lzcnt, sse4a, ht, tsc, tscinvbit, tscinv, bmi1, bmi2, adx, sha, fma

Memory: 4k page, system-wide physical 16194M (2291M free)
TotalPageFile size 18242M (AvailPageFile size 10M)
current process WorkingSet (physical memory assigned to process): 412M, peak: 419M
current process commit charge ("private bytes"): 528M, peak: 537M

vm_info: OpenJDK 64-Bit Server VM (11.0.7+10) for windows-amd64 JRE (11.0.7+10), built on Apr 22 2020 11:46:09 by "" with MS VC++ 15.9 (VS2017)

END.
